# JRE version: Java(TM) SE Runtime Environment (8.0_73-b02) (build 1.8.0_73-b02)
# Java VM: Java HotSpot(TM) 64-Bit Server VM (25.73-b02 mixed mode windows-amd64 compressed oops)
Heap:
 PSYoungGen      total 289280K, used 15328K [0x00000000e0000000, 0x00000000fc800000, 0x0000000100000000)
  eden space 273920K, 0% used [0x00000000e0000000,0x00000000e0000000,0x00000000f0b80000)
  from space 15360K, 99% used [0x00000000f0b80000,0x00000000f1a781e8,0x00000000f1a80000)
  to   space 26112K, 0% used [0x00000000fae80000,0x00000000fae80000,0x00000000fc800000)
 ParOldGen       total 68096K, used 37128K [0x00000000a0000000, 0x00000000a4280000, 0x00000000e0000000)
  object space 68096K, 54% used [0x00000000a0000000,0x00000000a2442198,0x00000000a4280000)
 Metaspace       used 57136K, capacity 58976K, committed 59096K, reserved 1099776K
  class space    used 7915K, capacity 8369K, committed 8448K, reserved 1048576K
GC Heap History (10 events):
Event: 6.237 GC heap after
Heap after GC invocations=7 (full 1):
 PSYoungGen      total 157184K, used 11441K [0x00000000e0000000, 0x00000000ea800000, 0x0000000100000000)
  eden space 145408K, 0% used [0x00000000e0000000,0x00000000e0000000,0x00000000e8e00000)
  from space 11776K, 97% used [0x00000000e9c00000,0x00000000ea72c470,0x00000000ea780000)
  to   space 13312K, 0% used [0x00000000e8e00000,0x00000000e8e00000,0x00000000e9b00000)
 ParOldGen       total 57856K, used 10173K [0x00000000a0000000, 0x00000000a3880000, 0x00000000e0000000)
  object space 57856K, 17% used [0x00000000a0000000,0x00000000a09ef5a8,0x00000000a3880000)
 Metaspace       used 34396K, capacity 35200K, committed 35456K, reserved 1079296K
  class space    used 4684K, capacity 4907K, committed 4992K, reserved 1048576K
}
Event: 6.252 GC heap before
{Heap before GC invocations=8 (full 1):
 PSYoungGen      total 157184K, used 14648K [0x00000000e0000000, 0x00000000ea800000, 0x0000000100000000)
  eden space 145408K, 2% used [0x00000000e0000000,0x00000000e0321b98,0x00000000e8e00000)
  from space 11776K, 97% used [0x00000000e9c00000,0x00000000ea72c470,0x00000000ea780000)
  to   space 13312K, 0% used [0x00000000e8e00000,0x00000000e8e00000,0x00000000e9b00000)
 ParOldGen       total 57856K, used 10173K [0x00000000a0000000, 0x00000000a3880000, 0x00000000e0000000)
  object space 57856K, 17% used [0x00000000a0000000,0x00000000a09ef5a8,0x00000000a3880000)
 Metaspace       used 34452K, capacity 35200K, committed 35456K, reserved 1079296K
  class space    used 4690K, capacity 4907K, committed 4992K, reserved 1048576K
Event: 6.263 GC heap after
Heap after GC invocations=8 (full 1):
 PSYoungGen      total 158720K, used 6136K [0x00000000e0000000, 0x00000000f2980000, 0x0000000100000000)
  eden space 145408K, 0% used [0x00000000e0000000,0x00000000e0000000,0x00000000e8e00000)
  from space 13312K, 46% used [0x00000000e8e00000,0x00000000e93fe210,0x00000000e9b00000)
  to   space 13312K, 0% used [0x00000000f1c80000,0x00000000f1c80000,0x00000000f2980000)
 ParOldGen       total 57856K, used 10181K [0x00000000a0000000, 0x00000000a3880000, 0x00000000e0000000)
  object space 57856K, 17% used [0x00000000a0000000,0x00000000a09f15a8,0x00000000a3880000)
 Metaspace       used 34452K, capacity 35200K, committed 35456K, reserved 1079296K
  class space    used 4690K, capacity 4907K, committed 4992K, reserved 1048576K
}
Event: 6.263 GC heap before
{Heap before GC invocations=9 (full 2):
 PSYoungGen      total 158720K, used 6136K [0x00000000e0000000, 0x00000000f2980000, 0x0000000100000000)
  eden space 145408K, 0% used [0x00000000e0000000,0x00000000e0000000,0x00000000e8e00000)
  from space 13312K, 46% used [0x00000000e8e00000,0x00000000e93fe210,0x00000000e9b00000)
  to   space 13312K, 0% used [0x00000000f1c80000,0x00000000f1c80000,0x00000000f2980000)
 ParOldGen       total 57856K, used 10181K [0x00000000a0000000, 0x00000000a3880000, 0x00000000e0000000)
  object space 57856K, 17% used [0x00000000a0000000,0x00000000a09f15a8,0x00000000a3880000)
 Metaspace       used 34452K, capacity 35200K, committed 35456K, reserved 1079296K
  class space    used 4690K, capacity 4907K, committed 4992K, reserved 1048576K
Event: 6.309 GC heap after
Heap after GC invocations=9 (full 2):
 PSYoungGen      total 158720K, used 0K [0x00000000e0000000, 0x00000000f2980000, 0x0000000100000000)
  eden space 145408K, 0% used [0x00000000e0000000,0x00000000e0000000,0x00000000e8e00000)
  from space 13312K, 0% used [0x00000000e8e00000,0x00000000e8e00000,0x00000000e9b00000)
  to   space 13312K, 0% used [0x00000000f1c80000,0x00000000f1c80000,0x00000000f2980000)
 ParOldGen       total 68096K, used 13813K [0x00000000a0000000, 0x00000000a4280000, 0x00000000e0000000)
  object space 68096K, 20% used [0x00000000a0000000,0x00000000a0d7d6b0,0x00000000a4280000)
 Metaspace       used 34425K, capacity 35112K, committed 35456K, reserved 1079296K
  class space    used 4682K, capacity 4899K, committed 4992K, reserved 1048576K
}
Event: 8.084 GC heap before
{Heap before GC invocations=10 (full 2):
 PSYoungGen      total 158720K, used 145408K [0x00000000e0000000, 0x00000000f2980000, 0x0000000100000000)
  eden space 145408K, 100% used [0x00000000e0000000,0x00000000e8e00000,0x00000000e8e00000)
  from space 13312K, 0% used [0x00000000e8e00000,0x00000000e8e00000,0x00000000e9b00000)
  to   space 13312K, 0% used [0x00000000f1c80000,0x00000000f1c80000,0x00000000f2980000)
 ParOldGen       total 68096K, used 13813K [0x00000000a0000000, 0x00000000a4280000, 0x00000000e0000000)
  object space 68096K, 20% used [0x00000000a0000000,0x00000000a0d7d6b0,0x00000000a4280000)
 Metaspace       used 45365K, capacity 46292K, committed 46720K, reserved 1089536K
  class space    used 6160K, capacity 6402K, committed 6528K, reserved 1048576K
Event: 8.097 GC heap after
Heap after GC invocations=10 (full 2):
 PSYoungGen      total 287232K, used 13302K [0x00000000e0000000, 0x00000000f2980000, 0x0000000100000000)
  eden space 273920K, 0% used [0x00000000e0000000,0x00000000e0000000,0x00000000f0b80000)
  from space 13312K, 99% used [0x00000000f1c80000,0x00000000f297d980,0x00000000f2980000)
  to   space 15360K, 0% used [0x00000000f0b80000,0x00000000f0b80000,0x00000000f1a80000)
 ParOldGen       total 68096K, used 14618K [0x00000000a0000000, 0x00000000a4280000, 0x00000000e0000000)
  object space 68096K, 21% used [0x00000000a0000000,0x00000000a0e46840,0x00000000a4280000)
 Metaspace       used 45365K, capacity 46292K, committed 46720K, reserved 1089536K
  class space    used 6160K, capacity 6402K, committed 6528K, reserved 1048576K
}
Event: 18.436 GC heap before
{Heap before GC invocations=11 (full 2):
 PSYoungGen      total 287232K, used 252506K [0x00000000e0000000, 0x00000000f2980000, 0x0000000100000000)
  eden space 273920K, 87% used [0x00000000e0000000,0x00000000ee998fc0,0x00000000f0b80000)
  from space 13312K, 99% used [0x00000000f1c80000,0x00000000f297d980,0x00000000f2980000)
  to   space 15360K, 0% used [0x00000000f0b80000,0x00000000f0b80000,0x00000000f1a80000)
 ParOldGen       total 68096K, used 14618K [0x00000000a0000000, 0x00000000a4280000, 0x00000000e0000000)
  object space 68096K, 21% used [0x00000000a0000000,0x00000000a0e46840,0x00000000a4280000)
 Metaspace       used 57136K, capacity 58976K, committed 59096K, reserved 1099776K
  class space    used 7915K, capacity 8369K, committed 8448K, reserved 1048576K
Event: 18.649 GC heap after
Heap after GC invocations=11 (full 2):
 PSYoungGen      total 289280K, used 15328K [0x00000000e0000000, 0x00000000fc800000, 0x0000000100000000)
  eden space 273920K, 0% used [0x00000000e0000000,0x00000000e0000000,0x00000000f0b80000)
  from space 15360K, 99% used [0x00000000f0b80000,0x00000000f1a781e8,0x00000000f1a80000)
  to   space 26112K, 0% used [0x00000000fae80000,0x00000000fae80000,0x00000000fc800000)
 ParOldGen       total 68096K, used 37128K [0x00000000a0000000, 0x00000000a4280000, 0x00000000e0000000)
  object space 68096K, 54% used [0x00000000a0000000,0x00000000a2442198,0x00000000a4280000)
 Metaspace       used 57136K, capacity 58976K, committed 59096K, reserved 1099776K
  class space    used 7915K, capacity 8369K, committed 8448K, reserved 1048576K
}
Event: 18.649 GC heap before
{Heap before GC invocations=12 (full 3):
 PSYoungGen      total 289280K, used 15328K [0x00000000e0000000, 0x00000000fc800000, 0x0000000100000000)
  eden space 273920K, 0% used [0x00000000e0000000,0x00000000e0000000,0x00000000f0b80000)
  from space 15360K, 99% used [0x00000000f0b80000,0x00000000f1a781e8,0x00000000f1a80000)
  to   space 26112K, 0% used [0x00000000fae80000,0x00000000fae80000,0x00000000fc800000)
 ParOldGen       total 68096K, used 37128K [0x00000000a0000000, 0x00000000a4280000, 0x00000000e0000000)
  object space 68096K, 54% used [0x00000000a0000000,0x00000000a2442198,0x00000000a4280000)
 Metaspace       used 57136K, capacity 58976K, committed 59096K, reserved 1099776K
  class space    used 7915K, capacity 8369K, committed 8448K, reserved 1048576K

