# JRE version: Java(TM) SE Runtime Environment (8.0_73-b02) (build 1.8.0_73-b02)
# Java VM: Java HotSpot(TM) 64-Bit Server VM (25.73-b02 mixed mode windows-amd64 compressed oops)
Heap:
 PSYoungGen      total 281600K, used 138019K [0x00000000e0000000, 0x00000000f2b00000, 0x0000000100000000)
  eden space 260096K, 53% used [0x00000000e0000000,0x00000000e86c8d60,0x00000000efe00000)
  from space 21504K, 0% used [0x00000000f1400000,0x00000000f1400000,0x00000000f2900000)
  to   space 22528K, 0% used [0x00000000efe00000,0x00000000efe00000,0x00000000f1400000)
 ParOldGen       total 97792K, used 41602K [0x00000000a0000000, 0x00000000a5f80000, 0x00000000e0000000)
  object space 97792K, 42% used [0x00000000a0000000,0x00000000a28a0808,0x00000000a5f80000)
 Metaspace       used 60083K, capacity 63176K, committed 63360K, reserved 1103872K
  class space    used 8171K, capacity 8799K, committed 8832K, reserved 1048576K
GC Heap History (10 events):
Event: 633.246 GC heap before
{Heap before GC invocations=19 (full 5):
 PSYoungGen      total 199168K, used 69747K [0x00000000e0000000, 0x00000000ef900000, 0x0000000100000000)
  eden space 182784K, 37% used [0x00000000e0000000,0x00000000e4284fb8,0x00000000eb280000)
  from space 16384K, 9% used [0x00000000eb280000,0x00000000eb418020,0x00000000ec280000)
  to   space 16384K, 0% used [0x00000000ee900000,0x00000000ee900000,0x00000000ef900000)
 ParOldGen       total 97792K, used 24695K [0x00000000a0000000, 0x00000000a5f80000, 0x00000000e0000000)
  object space 97792K, 25% used [0x00000000a0000000,0x00000000a181dde8,0x00000000a5f80000)
 Metaspace       used 55535K, capacity 57354K, committed 57472K, reserved 1099776K
  class space    used 7397K, capacity 7729K, committed 7808K, reserved 1048576K
Event: 633.249 GC heap after
Heap after GC invocations=19 (full 5):
 PSYoungGen      total 238080K, used 608K [0x00000000e0000000, 0x00000000efa00000, 0x0000000100000000)
  eden space 221696K, 0% used [0x00000000e0000000,0x00000000e0000000,0x00000000ed880000)
  from space 16384K, 3% used [0x00000000ee900000,0x00000000ee998020,0x00000000ef900000)
  to   space 16896K, 0% used [0x00000000ed880000,0x00000000ed880000,0x00000000ee900000)
 ParOldGen       total 97792K, used 24703K [0x00000000a0000000, 0x00000000a5f80000, 0x00000000e0000000)
  object space 97792K, 25% used [0x00000000a0000000,0x00000000a181fde8,0x00000000a5f80000)
 Metaspace       used 55535K, capacity 57354K, committed 57472K, reserved 1099776K
  class space    used 7397K, capacity 7729K, committed 7808K, reserved 1048576K
}
Event: 633.249 GC heap before
{Heap before GC invocations=20 (full 6):
 PSYoungGen      total 238080K, used 608K [0x00000000e0000000, 0x00000000efa00000, 0x0000000100000000)
  eden space 221696K, 0% used [0x00000000e0000000,0x00000000e0000000,0x00000000ed880000)
  from space 16384K, 3% used [0x00000000ee900000,0x00000000ee998020,0x00000000ef900000)
  to   space 16896K, 0% used [0x00000000ed880000,0x00000000ed880000,0x00000000ee900000)
 ParOldGen       total 97792K, used 24703K [0x00000000a0000000, 0x00000000a5f80000, 0x00000000e0000000)
  object space 97792K, 25% used [0x00000000a0000000,0x00000000a181fde8,0x00000000a5f80000)
 Metaspace       used 55535K, capacity 57354K, committed 57472K, reserved 1099776K
  class space    used 7397K, capacity 7729K, committed 7808K, reserved 1048576K
Event: 633.573 GC heap after
Heap after GC invocations=20 (full 6):
 PSYoungGen      total 238080K, used 0K [0x00000000e0000000, 0x00000000efa00000, 0x0000000100000000)
  eden space 221696K, 0% used [0x00000000e0000000,0x00000000e0000000,0x00000000ed880000)
  from space 16384K, 0% used [0x00000000ee900000,0x00000000ee900000,0x00000000ef900000)
  to   space 16896K, 0% used [0x00000000ed880000,0x00000000ed880000,0x00000000ee900000)
 ParOldGen       total 97792K, used 24748K [0x00000000a0000000, 0x00000000a5f80000, 0x00000000e0000000)
  object space 97792K, 25% used [0x00000000a0000000,0x00000000a182b128,0x00000000a5f80000)
 Metaspace       used 55535K, capacity 57354K, committed 57472K, reserved 1099776K
  class space    used 7397K, capacity 7729K, committed 7808K, reserved 1048576K
}
Event: 725.536 GC heap before
{Heap before GC invocations=21 (full 6):
 PSYoungGen      total 238080K, used 221696K [0x00000000e0000000, 0x00000000efa00000, 0x0000000100000000)
  eden space 221696K, 100% used [0x00000000e0000000,0x00000000ed880000,0x00000000ed880000)
  from space 16384K, 0% used [0x00000000ee900000,0x00000000ee900000,0x00000000ef900000)
  to   space 16896K, 0% used [0x00000000ed880000,0x00000000ed880000,0x00000000ee900000)
 ParOldGen       total 97792K, used 24748K [0x00000000a0000000, 0x00000000a5f80000, 0x00000000e0000000)
  object space 97792K, 25% used [0x00000000a0000000,0x00000000a182b128,0x00000000a5f80000)
 Metaspace       used 59677K, capacity 62630K, committed 62848K, reserved 1103872K
  class space    used 8151K, capacity 8764K, committed 8832K, reserved 1048576K
Event: 725.563 GC heap after
Heap after GC invocations=21 (full 6):
 PSYoungGen      total 238592K, used 16865K [0x00000000e0000000, 0x00000000f2900000, 0x0000000100000000)
  eden space 221696K, 0% used [0x00000000e0000000,0x00000000e0000000,0x00000000ed880000)
  from space 16896K, 99% used [0x00000000ed880000,0x00000000ee8f85c0,0x00000000ee900000)
  to   space 21504K, 0% used [0x00000000f1400000,0x00000000f1400000,0x00000000f2900000)
 ParOldGen       total 97792K, used 30181K [0x00000000a0000000, 0x00000000a5f80000, 0x00000000e0000000)
  object space 97792K, 30% used [0x00000000a0000000,0x00000000a1d794b8,0x00000000a5f80000)
 Metaspace       used 59677K, capacity 62630K, committed 62848K, reserved 1103872K
  class space    used 8151K, capacity 8764K, committed 8832K, reserved 1048576K
}
Event: 763.345 GC heap before
{Heap before GC invocations=22 (full 6):
 PSYoungGen      total 238592K, used 104948K [0x00000000e0000000, 0x00000000f2900000, 0x0000000100000000)
  eden space 221696K, 39% used [0x00000000e0000000,0x00000000e5604d28,0x00000000ed880000)
  from space 16896K, 99% used [0x00000000ed880000,0x00000000ee8f85c0,0x00000000ee900000)
  to   space 21504K, 0% used [0x00000000f1400000,0x00000000f1400000,0x00000000f2900000)
 ParOldGen       total 97792K, used 30181K [0x00000000a0000000, 0x00000000a5f80000, 0x00000000e0000000)
  object space 97792K, 30% used [0x00000000a0000000,0x00000000a1d794b8,0x00000000a5f80000)
 Metaspace       used 59906K, capacity 62964K, committed 63104K, reserved 1103872K
  class space    used 8169K, capacity 8797K, committed 8832K, reserved 1048576K
Event: 763.392 GC heap after
Heap after GC invocations=22 (full 6):
 PSYoungGen      total 281600K, used 13969K [0x00000000e0000000, 0x00000000f2b00000, 0x0000000100000000)
  eden space 260096K, 0% used [0x00000000e0000000,0x00000000e0000000,0x00000000efe00000)
  from space 21504K, 64% used [0x00000000f1400000,0x00000000f21a45b0,0x00000000f2900000)
  to   space 22528K, 0% used [0x00000000efe00000,0x00000000efe00000,0x00000000f1400000)
 ParOldGen       total 97792K, used 30189K [0x00000000a0000000, 0x00000000a5f80000, 0x00000000e0000000)
  object space 97792K, 30% used [0x00000000a0000000,0x00000000a1d7b4b8,0x00000000a5f80000)
 Metaspace       used 59906K, capacity 62964K, committed 63104K, reserved 1103872K
  class space    used 8169K, capacity 8797K, committed 8832K, reserved 1048576K
}
Event: 763.392 GC heap before
{Heap before GC invocations=23 (full 7):
 PSYoungGen      total 281600K, used 13969K [0x00000000e0000000, 0x00000000f2b00000, 0x0000000100000000)
  eden space 260096K, 0% used [0x00000000e0000000,0x00000000e0000000,0x00000000efe00000)
  from space 21504K, 64% used [0x00000000f1400000,0x00000000f21a45b0,0x00000000f2900000)
  to   space 22528K, 0% used [0x00000000efe00000,0x00000000efe00000,0x00000000f1400000)
 ParOldGen       total 97792K, used 30189K [0x00000000a0000000, 0x00000000a5f80000, 0x00000000e0000000)
  object space 97792K, 30% used [0x00000000a0000000,0x00000000a1d7b4b8,0x00000000a5f80000)
 Metaspace       used 59906K, capacity 62964K, committed 63104K, reserved 1103872K
  class space    used 8169K, capacity 8797K, committed 8832K, reserved 1048576K
Event: 763.956 GC heap after
Heap after GC invocations=23 (full 7):
 PSYoungGen      total 281600K, used 0K [0x00000000e0000000, 0x00000000f2b00000, 0x0000000100000000)
  eden space 260096K, 0% used [0x00000000e0000000,0x00000000e0000000,0x00000000efe00000)
  from space 21504K, 0% used [0x00000000f1400000,0x00000000f1400000,0x00000000f2900000)
  to   space 22528K, 0% used [0x00000000efe00000,0x00000000efe00000,0x00000000f1400000)
 ParOldGen       total 97792K, used 41602K [0x00000000a0000000, 0x00000000a5f80000, 0x00000000e0000000)
  object space 97792K, 42% used [0x00000000a0000000,0x00000000a28a0808,0x00000000a5f80000)
 Metaspace       used 59906K, capacity 62964K, committed 63104K, reserved 1103872K
  class space    used 8169K, capacity 8797K, committed 8832K, reserved 1048576K
}

