# JRE version: Java(TM) SE Runtime Environment (8.0_73-b02) (build 1.8.0_73-b02)
# Java VM: Java HotSpot(TM) 64-Bit Server VM (25.73-b02 mixed mode windows-amd64 compressed oops)
Heap:
 PSYoungGen      total 166400K, used 118704K [0x00000000e0000000, 0x00000000ef080000, 0x0000000100000000)
  eden space 159744K, 74% used [0x00000000e0000000,0x00000000e73ec030,0x00000000e9c00000)
  from space 6656K, 0% used [0x00000000e9c00000,0x00000000e9c00000,0x00000000ea280000)
  to   space 14336K, 0% used [0x00000000ee280000,0x00000000ee280000,0x00000000ef080000)
 ParOldGen       total 102912K, used 19265K [0x00000000a0000000, 0x00000000a6480000, 0x00000000e0000000)
  object space 102912K, 18% used [0x00000000a0000000,0x00000000a12d0440,0x00000000a6480000)
 Metaspace       used 43237K, capacity 44098K, committed 44416K, reserved 1087488K
  class space    used 5948K, capacity 6151K, committed 6272K, reserved 1048576K
GC Heap History (10 events):
Event: 5.318 GC heap before
{Heap before GC invocations=3 (full 0):
 PSYoungGen      total 86528K, used 47480K [0x00000000e0000000, 0x00000000e5b00000, 0x0000000100000000)
  eden space 79872K, 51% used [0x00000000e0000000,0x00000000e27df440,0x00000000e4e00000)
  from space 6656K, 99% used [0x00000000e5480000,0x00000000e5afee30,0x00000000e5b00000)
  to   space 6656K, 0% used [0x00000000e4e00000,0x00000000e4e00000,0x00000000e5480000)
 ParOldGen       total 106496K, used 1736K [0x00000000a0000000, 0x00000000a6800000, 0x00000000e0000000)
  object space 106496K, 1% used [0x00000000a0000000,0x00000000a01b2298,0x00000000a6800000)
 Metaspace       used 20760K, capacity 21128K, committed 21296K, reserved 1067008K
  class space    used 2800K, capacity 2917K, committed 2944K, reserved 1048576K
Event: 5.358 GC heap after
Heap after GC invocations=3 (full 0):
 PSYoungGen      total 86528K, used 6640K [0x00000000e0000000, 0x00000000ea900000, 0x0000000100000000)
  eden space 79872K, 0% used [0x00000000e0000000,0x00000000e0000000,0x00000000e4e00000)
  from space 6656K, 99% used [0x00000000e4e00000,0x00000000e547c090,0x00000000e5480000)
  to   space 6656K, 0% used [0x00000000ea280000,0x00000000ea280000,0x00000000ea900000)
 ParOldGen       total 106496K, used 5219K [0x00000000a0000000, 0x00000000a6800000, 0x00000000e0000000)
  object space 106496K, 4% used [0x00000000a0000000,0x00000000a0518e78,0x00000000a6800000)
 Metaspace       used 20760K, capacity 21128K, committed 21296K, reserved 1067008K
  class space    used 2800K, capacity 2917K, committed 2944K, reserved 1048576K
}
Event: 5.358 GC heap before
{Heap before GC invocations=4 (full 1):
 PSYoungGen      total 86528K, used 6640K [0x00000000e0000000, 0x00000000ea900000, 0x0000000100000000)
  eden space 79872K, 0% used [0x00000000e0000000,0x00000000e0000000,0x00000000e4e00000)
  from space 6656K, 99% used [0x00000000e4e00000,0x00000000e547c090,0x00000000e5480000)
  to   space 6656K, 0% used [0x00000000ea280000,0x00000000ea280000,0x00000000ea900000)
 ParOldGen       total 106496K, used 5219K [0x00000000a0000000, 0x00000000a6800000, 0x00000000e0000000)
  object space 106496K, 4% used [0x00000000a0000000,0x00000000a0518e78,0x00000000a6800000)
 Metaspace       used 20760K, capacity 21128K, committed 21296K, reserved 1067008K
  class space    used 2800K, capacity 2917K, committed 2944K, reserved 1048576K
Event: 5.485 GC heap after
Heap after GC invocations=4 (full 1):
 PSYoungGen      total 86528K, used 0K [0x00000000e0000000, 0x00000000ea900000, 0x0000000100000000)
  eden space 79872K, 0% used [0x00000000e0000000,0x00000000e0000000,0x00000000e4e00000)
  from space 6656K, 0% used [0x00000000e4e00000,0x00000000e4e00000,0x00000000e5480000)
  to   space 6656K, 0% used [0x00000000ea280000,0x00000000ea280000,0x00000000ea900000)
 ParOldGen       total 66048K, used 9825K [0x00000000a0000000, 0x00000000a4080000, 0x00000000e0000000)
  object space 66048K, 14% used [0x00000000a0000000,0x00000000a0998760,0x00000000a4080000)
 Metaspace       used 20760K, capacity 21128K, committed 21296K, reserved 1067008K
  class space    used 2800K, capacity 2917K, committed 2944K, reserved 1048576K
}
Event: 6.946 GC heap before
{Heap before GC invocations=5 (full 1):
 PSYoungGen      total 86528K, used 79872K [0x00000000e0000000, 0x00000000ea900000, 0x0000000100000000)
  eden space 79872K, 100% used [0x00000000e0000000,0x00000000e4e00000,0x00000000e4e00000)
  from space 6656K, 0% used [0x00000000e4e00000,0x00000000e4e00000,0x00000000e5480000)
  to   space 6656K, 0% used [0x00000000ea280000,0x00000000ea280000,0x00000000ea900000)
 ParOldGen       total 66048K, used 9825K [0x00000000a0000000, 0x00000000a4080000, 0x00000000e0000000)
  object space 66048K, 14% used [0x00000000a0000000,0x00000000a0998760,0x00000000a4080000)
 Metaspace       used 27231K, capacity 27758K, committed 28160K, reserved 1073152K
  class space    used 3811K, capacity 3995K, committed 4096K, reserved 1048576K
Event: 6.977 GC heap after
Heap after GC invocations=5 (full 1):
 PSYoungGen      total 140800K, used 6627K [0x00000000e0000000, 0x00000000ea900000, 0x0000000100000000)
  eden space 134144K, 0% used [0x00000000e0000000,0x00000000e0000000,0x00000000e8300000)
  from space 6656K, 99% used [0x00000000ea280000,0x00000000ea8f8c88,0x00000000ea900000)
  to   space 6656K, 0% used [0x00000000e9c00000,0x00000000e9c00000,0x00000000ea280000)
 ParOldGen       total 66048K, used 11543K [0x00000000a0000000, 0x00000000a4080000, 0x00000000e0000000)
  object space 66048K, 17% used [0x00000000a0000000,0x00000000a0b45e18,0x00000000a4080000)
 Metaspace       used 27231K, capacity 27758K, committed 28160K, reserved 1073152K
  class space    used 3811K, capacity 3995K, committed 4096K, reserved 1048576K
}
Event: 9.049 GC heap before
{Heap before GC invocations=6 (full 1):
 PSYoungGen      total 140800K, used 120464K [0x00000000e0000000, 0x00000000ea900000, 0x0000000100000000)
  eden space 134144K, 84% used [0x00000000e0000000,0x00000000e6f2b568,0x00000000e8300000)
  from space 6656K, 99% used [0x00000000ea280000,0x00000000ea8f8c88,0x00000000ea900000)
  to   space 6656K, 0% used [0x00000000e9c00000,0x00000000e9c00000,0x00000000ea280000)
 ParOldGen       total 66048K, used 11543K [0x00000000a0000000, 0x00000000a4080000, 0x00000000e0000000)
  object space 66048K, 17% used [0x00000000a0000000,0x00000000a0b45e18,0x00000000a4080000)
 Metaspace       used 34521K, capacity 35066K, committed 35456K, reserved 1079296K
  class space    used 4714K, capacity 4870K, committed 4992K, reserved 1048576K
Event: 9.067 GC heap after
Heap after GC invocations=6 (full 1):
 PSYoungGen      total 166400K, used 6631K [0x00000000e0000000, 0x00000000ef080000, 0x0000000100000000)
  eden space 159744K, 0% used [0x00000000e0000000,0x00000000e0000000,0x00000000e9c00000)
  from space 6656K, 99% used [0x00000000e9c00000,0x00000000ea279fe8,0x00000000ea280000)
  to   space 14336K, 0% used [0x00000000ee280000,0x00000000ee280000,0x00000000ef080000)
 ParOldGen       total 66048K, used 18098K [0x00000000a0000000, 0x00000000a4080000, 0x00000000e0000000)
  object space 66048K, 27% used [0x00000000a0000000,0x00000000a11ac858,0x00000000a4080000)
 Metaspace       used 34521K, capacity 35066K, committed 35456K, reserved 1079296K
  class space    used 4714K, capacity 4870K, committed 4992K, reserved 1048576K
}
Event: 9.067 GC heap before
{Heap before GC invocations=7 (full 2):
 PSYoungGen      total 166400K, used 6631K [0x00000000e0000000, 0x00000000ef080000, 0x0000000100000000)
  eden space 159744K, 0% used [0x00000000e0000000,0x00000000e0000000,0x00000000e9c00000)
  from space 6656K, 99% used [0x00000000e9c00000,0x00000000ea279fe8,0x00000000ea280000)
  to   space 14336K, 0% used [0x00000000ee280000,0x00000000ee280000,0x00000000ef080000)
 ParOldGen       total 66048K, used 18098K [0x00000000a0000000, 0x00000000a4080000, 0x00000000e0000000)
  object space 66048K, 27% used [0x00000000a0000000,0x00000000a11ac858,0x00000000a4080000)
 Metaspace       used 34521K, capacity 35066K, committed 35456K, reserved 1079296K
  class space    used 4714K, capacity 4870K, committed 4992K, reserved 1048576K
Event: 9.249 GC heap after
Heap after GC invocations=7 (full 2):
 PSYoungGen      total 166400K, used 0K [0x00000000e0000000, 0x00000000ef080000, 0x0000000100000000)
  eden space 159744K, 0% used [0x00000000e0000000,0x00000000e0000000,0x00000000e9c00000)
  from space 6656K, 0% used [0x00000000e9c00000,0x00000000e9c00000,0x00000000ea280000)
  to   space 14336K, 0% used [0x00000000ee280000,0x00000000ee280000,0x00000000ef080000)
 ParOldGen       total 102912K, used 19265K [0x00000000a0000000, 0x00000000a6480000, 0x00000000e0000000)
  object space 102912K, 18% used [0x00000000a0000000,0x00000000a12d0440,0x00000000a6480000)
 Metaspace       used 34521K, capacity 35066K, committed 35456K, reserved 1079296K
  class space    used 4714K, capacity 4870K, committed 4992K, reserved 1048576K
}

