# JRE version: Java(TM) SE Runtime Environment (8.0_73-b02) (build 1.8.0_73-b02)
# Java VM: Java HotSpot(TM) 64-Bit Server VM (25.73-b02 mixed mode windows-amd64 compressed oops)
Heap:
 PSYoungGen      total 56832K, used 36424K [0x00000000e0000000, 0x00000000e5980000, 0x0000000100000000)
  eden space 51712K, 61% used [0x00000000e0000000,0x00000000e1f05328,0x00000000e3280000)
  from space 5120K, 91% used [0x00000000e5480000,0x00000000e590cf88,0x00000000e5980000)
  to   space 6656K, 0% used [0x00000000e4c80000,0x00000000e4c80000,0x00000000e5300000)
 ParOldGen       total 83456K, used 9797K [0x00000000a0000000, 0x00000000a5180000, 0x00000000e0000000)
  object space 83456K, 11% used [0x00000000a0000000,0x00000000a0991640,0x00000000a5180000)
 Metaspace       used 26818K, capacity 27290K, committed 27520K, reserved 1073152K
  class space    used 3771K, capacity 3927K, committed 3968K, reserved 1048576K
GC Heap History (10 events):
Event: 1.271 GC heap before
{Heap before GC invocations=1 (full 0):
 PSYoungGen      total 46592K, used 39936K [0x00000000e0000000, 0x00000000e3400000, 0x0000000100000000)
  eden space 39936K, 100% used [0x00000000e0000000,0x00000000e2700000,0x00000000e2700000)
  from space 6656K, 0% used [0x00000000e2d80000,0x00000000e2d80000,0x00000000e3400000)
  to   space 6656K, 0% used [0x00000000e2700000,0x00000000e2700000,0x00000000e2d80000)
 ParOldGen       total 106496K, used 0K [0x00000000a0000000, 0x00000000a6800000, 0x00000000e0000000)
  object space 106496K, 0% used [0x00000000a0000000,0x00000000a0000000,0x00000000a6800000)
 Metaspace       used 7430K, capacity 7700K, committed 7808K, reserved 1056768K
  class space    used 982K, capacity 1056K, committed 1152K, reserved 1048576K
Event: 1.278 GC heap after
Heap after GC invocations=1 (full 0):
 PSYoungGen      total 46592K, used 5160K [0x00000000e0000000, 0x00000000e3400000, 0x0000000100000000)
  eden space 39936K, 0% used [0x00000000e0000000,0x00000000e0000000,0x00000000e2700000)
  from space 6656K, 77% used [0x00000000e2700000,0x00000000e2c0a290,0x00000000e2d80000)
  to   space 6656K, 0% used [0x00000000e2d80000,0x00000000e2d80000,0x00000000e3400000)
 ParOldGen       total 106496K, used 16K [0x00000000a0000000, 0x00000000a6800000, 0x00000000e0000000)
  object space 106496K, 0% used [0x00000000a0000000,0x00000000a0004000,0x00000000a6800000)
 Metaspace       used 7430K, capacity 7700K, committed 7808K, reserved 1056768K
  class space    used 982K, capacity 1056K, committed 1152K, reserved 1048576K
}
Event: 2.925 GC heap before
{Heap before GC invocations=2 (full 0):
 PSYoungGen      total 46592K, used 45096K [0x00000000e0000000, 0x00000000e3400000, 0x0000000100000000)
  eden space 39936K, 100% used [0x00000000e0000000,0x00000000e2700000,0x00000000e2700000)
  from space 6656K, 77% used [0x00000000e2700000,0x00000000e2c0a290,0x00000000e2d80000)
  to   space 6656K, 0% used [0x00000000e2d80000,0x00000000e2d80000,0x00000000e3400000)
 ParOldGen       total 106496K, used 16K [0x00000000a0000000, 0x00000000a6800000, 0x00000000e0000000)
  object space 106496K, 0% used [0x00000000a0000000,0x00000000a0004000,0x00000000a6800000)
 Metaspace       used 16287K, capacity 16632K, committed 16896K, reserved 1064960K
  class space    used 2166K, capacity 2262K, committed 2304K, reserved 1048576K
Event: 2.936 GC heap after
Heap after GC invocations=2 (full 0):
 PSYoungGen      total 46592K, used 6635K [0x00000000e0000000, 0x00000000e3400000, 0x0000000100000000)
  eden space 39936K, 0% used [0x00000000e0000000,0x00000000e0000000,0x00000000e2700000)
  from space 6656K, 99% used [0x00000000e2d80000,0x00000000e33fae20,0x00000000e3400000)
  to   space 6656K, 0% used [0x00000000e2700000,0x00000000e2700000,0x00000000e2d80000)
 ParOldGen       total 106496K, used 1843K [0x00000000a0000000, 0x00000000a6800000, 0x00000000e0000000)
  object space 106496K, 1% used [0x00000000a0000000,0x00000000a01ccfe8,0x00000000a6800000)
 Metaspace       used 16287K, capacity 16632K, committed 16896K, reserved 1064960K
  class space    used 2166K, capacity 2262K, committed 2304K, reserved 1048576K
}
Event: 3.704 GC heap before
{Heap before GC invocations=3 (full 0):
 PSYoungGen      total 46592K, used 45800K [0x00000000e0000000, 0x00000000e3400000, 0x0000000100000000)
  eden space 39936K, 98% used [0x00000000e0000000,0x00000000e263f290,0x00000000e2700000)
  from space 6656K, 99% used [0x00000000e2d80000,0x00000000e33fae20,0x00000000e3400000)
  to   space 6656K, 0% used [0x00000000e2700000,0x00000000e2700000,0x00000000e2d80000)
 ParOldGen       total 106496K, used 1843K [0x00000000a0000000, 0x00000000a6800000, 0x00000000e0000000)
  object space 106496K, 1% used [0x00000000a0000000,0x00000000a01ccfe8,0x00000000a6800000)
 Metaspace       used 20760K, capacity 21172K, committed 21296K, reserved 1067008K
  class space    used 2797K, capacity 2913K, committed 2944K, reserved 1048576K
Event: 3.763 GC heap after
Heap after GC invocations=3 (full 0):
 PSYoungGen      total 46592K, used 6640K [0x00000000e0000000, 0x00000000e5b00000, 0x0000000100000000)
  eden space 39936K, 0% used [0x00000000e0000000,0x00000000e0000000,0x00000000e2700000)
  from space 6656K, 99% used [0x00000000e2700000,0x00000000e2d7c030,0x00000000e2d80000)
  to   space 6656K, 0% used [0x00000000e5480000,0x00000000e5480000,0x00000000e5b00000)
 ParOldGen       total 106496K, used 5259K [0x00000000a0000000, 0x00000000a6800000, 0x00000000e0000000)
  object space 106496K, 4% used [0x00000000a0000000,0x00000000a0522fa8,0x00000000a6800000)
 Metaspace       used 20760K, capacity 21172K, committed 21296K, reserved 1067008K
  class space    used 2797K, capacity 2913K, committed 2944K, reserved 1048576K
}
Event: 3.763 GC heap before
{Heap before GC invocations=4 (full 1):
 PSYoungGen      total 46592K, used 6640K [0x00000000e0000000, 0x00000000e5b00000, 0x0000000100000000)
  eden space 39936K, 0% used [0x00000000e0000000,0x00000000e0000000,0x00000000e2700000)
  from space 6656K, 99% used [0x00000000e2700000,0x00000000e2d7c030,0x00000000e2d80000)
  to   space 6656K, 0% used [0x00000000e5480000,0x00000000e5480000,0x00000000e5b00000)
 ParOldGen       total 106496K, used 5259K [0x00000000a0000000, 0x00000000a6800000, 0x00000000e0000000)
  object space 106496K, 4% used [0x00000000a0000000,0x00000000a0522fa8,0x00000000a6800000)
 Metaspace       used 20760K, capacity 21172K, committed 21296K, reserved 1067008K
  class space    used 2797K, capacity 2913K, committed 2944K, reserved 1048576K
Event: 4.057 GC heap after
Heap after GC invocations=4 (full 1):
 PSYoungGen      total 46592K, used 0K [0x00000000e0000000, 0x00000000e5b00000, 0x0000000100000000)
  eden space 39936K, 0% used [0x00000000e0000000,0x00000000e0000000,0x00000000e2700000)
  from space 6656K, 0% used [0x00000000e2700000,0x00000000e2700000,0x00000000e2d80000)
  to   space 6656K, 0% used [0x00000000e5480000,0x00000000e5480000,0x00000000e5b00000)
 ParOldGen       total 83456K, used 9797K [0x00000000a0000000, 0x00000000a5180000, 0x00000000e0000000)
  object space 83456K, 11% used [0x00000000a0000000,0x00000000a0991640,0x00000000a5180000)
 Metaspace       used 20760K, capacity 21172K, committed 21296K, reserved 1067008K
  class space    used 2797K, capacity 2913K, committed 2944K, reserved 1048576K
}
Event: 4.658 GC heap before
{Heap before GC invocations=5 (full 1):
 PSYoungGen      total 46592K, used 39936K [0x00000000e0000000, 0x00000000e5b00000, 0x0000000100000000)
  eden space 39936K, 100% used [0x00000000e0000000,0x00000000e2700000,0x00000000e2700000)
  from space 6656K, 0% used [0x00000000e2700000,0x00000000e2700000,0x00000000e2d80000)
  to   space 6656K, 0% used [0x00000000e5480000,0x00000000e5480000,0x00000000e5b00000)
 ParOldGen       total 83456K, used 9797K [0x00000000a0000000, 0x00000000a5180000, 0x00000000e0000000)
  object space 83456K, 11% used [0x00000000a0000000,0x00000000a0991640,0x00000000a5180000)
 Metaspace       used 24029K, capacity 24424K, committed 24832K, reserved 1071104K
  class space    used 3350K, capacity 3502K, committed 3584K, reserved 1048576K
Event: 4.693 GC heap after
Heap after GC invocations=5 (full 1):
 PSYoungGen      total 56832K, used 4659K [0x00000000e0000000, 0x00000000e5980000, 0x0000000100000000)
  eden space 51712K, 0% used [0x00000000e0000000,0x00000000e0000000,0x00000000e3280000)
  from space 5120K, 91% used [0x00000000e5480000,0x00000000e590cf88,0x00000000e5980000)
  to   space 6656K, 0% used [0x00000000e4c80000,0x00000000e4c80000,0x00000000e5300000)
 ParOldGen       total 83456K, used 9797K [0x00000000a0000000, 0x00000000a5180000, 0x00000000e0000000)
  object space 83456K, 11% used [0x00000000a0000000,0x00000000a0991640,0x00000000a5180000)
 Metaspace       used 24029K, capacity 24424K, committed 24832K, reserved 1071104K
  class space    used 3350K, capacity 3502K, committed 3584K, reserved 1048576K
}

