# JRE version: Java(TM) SE Runtime Environment (8.0_73-b02) (build 1.8.0_73-b02)
# Java VM: Java HotSpot(TM) 64-Bit Server VM (25.73-b02 mixed mode windows-amd64 compressed oops)
Heap:
 PSYoungGen      total 281088K, used 111785K [0x00000000e0000000, 0x00000000f4500000, 0x0000000100000000)
  eden space 264192K, 42% used [0x00000000e0000000,0x00000000e6d2a5b0,0x00000000f0200000)
  from space 16896K, 0% used [0x00000000f3480000,0x00000000f3480000,0x00000000f4500000)
  to   space 24064K, 0% used [0x00000000f1600000,0x00000000f1600000,0x00000000f2d80000)
 ParOldGen       total 84992K, used 44275K [0x00000000a0000000, 0x00000000a5300000, 0x00000000e0000000)
  object space 84992K, 52% used [0x00000000a0000000,0x00000000a2b3cef8,0x00000000a5300000)
 Metaspace       used 61814K, capacity 64668K, committed 64768K, reserved 1105920K
  class space    used 8531K, capacity 9185K, committed 9216K, reserved 1048576K
GC Heap History (10 events):
Event: 260.661 GC heap before
{Heap before GC invocations=13 (full 3):
 PSYoungGen      total 226304K, used 213641K [0x00000000e0000000, 0x00000000f5780000, 0x0000000100000000)
  eden space 206336K, 100% used [0x00000000e0000000,0x00000000ec980000,0x00000000ec980000)
  from space 19968K, 36% used [0x00000000ec980000,0x00000000ed0a26e8,0x00000000edd00000)
  to   space 19456K, 0% used [0x00000000f4480000,0x00000000f4480000,0x00000000f5780000)
 ParOldGen       total 84992K, used 29775K [0x00000000a0000000, 0x00000000a5300000, 0x00000000e0000000)
  object space 84992K, 35% used [0x00000000a0000000,0x00000000a1d13de0,0x00000000a5300000)
 Metaspace       used 56222K, capacity 57726K, committed 57856K, reserved 1099776K
  class space    used 7589K, capacity 7911K, committed 7936K, reserved 1048576K
Event: 260.685 GC heap after
Heap after GC invocations=13 (full 3):
 PSYoungGen      total 283648K, used 19429K [0x00000000e0000000, 0x00000000f5780000, 0x0000000100000000)
  eden space 264192K, 0% used [0x00000000e0000000,0x00000000e0000000,0x00000000f0200000)
  from space 19456K, 99% used [0x00000000f4480000,0x00000000f57797f8,0x00000000f5780000)
  to   space 23552K, 0% used [0x00000000f2980000,0x00000000f2980000,0x00000000f4080000)
 ParOldGen       total 84992K, used 33856K [0x00000000a0000000, 0x00000000a5300000, 0x00000000e0000000)
  object space 84992K, 39% used [0x00000000a0000000,0x00000000a2110090,0x00000000a5300000)
 Metaspace       used 56222K, capacity 57726K, committed 57856K, reserved 1099776K
  class space    used 7589K, capacity 7911K, committed 7936K, reserved 1048576K
}
Event: 261.611 GC heap before
{Heap before GC invocations=14 (full 3):
 PSYoungGen      total 283648K, used 57498K [0x00000000e0000000, 0x00000000f5780000, 0x0000000100000000)
  eden space 264192K, 14% used [0x00000000e0000000,0x00000000e252d040,0x00000000f0200000)
  from space 19456K, 99% used [0x00000000f4480000,0x00000000f57797f8,0x00000000f5780000)
  to   space 23552K, 0% used [0x00000000f2980000,0x00000000f2980000,0x00000000f4080000)
 ParOldGen       total 84992K, used 33856K [0x00000000a0000000, 0x00000000a5300000, 0x00000000e0000000)
  object space 84992K, 39% used [0x00000000a0000000,0x00000000a2110090,0x00000000a5300000)
 Metaspace       used 56245K, capacity 57860K, committed 58112K, reserved 1099776K
  class space    used 7590K, capacity 7912K, committed 7936K, reserved 1048576K
Event: 261.628 GC heap after
Heap after GC invocations=14 (full 3):
 PSYoungGen      total 275456K, used 10794K [0x00000000e0000000, 0x00000000f4500000, 0x0000000100000000)
  eden space 264192K, 0% used [0x00000000e0000000,0x00000000e0000000,0x00000000f0200000)
  from space 11264K, 95% used [0x00000000f2980000,0x00000000f340a9c0,0x00000000f3480000)
  to   space 16896K, 0% used [0x00000000f3480000,0x00000000f3480000,0x00000000f4500000)
 ParOldGen       total 84992K, used 35993K [0x00000000a0000000, 0x00000000a5300000, 0x00000000e0000000)
  object space 84992K, 42% used [0x00000000a0000000,0x00000000a23267d8,0x00000000a5300000)
 Metaspace       used 56245K, capacity 57860K, committed 58112K, reserved 1099776K
  class space    used 7590K, capacity 7912K, committed 7936K, reserved 1048576K
}
Event: 261.628 GC heap before
{Heap before GC invocations=15 (full 4):
 PSYoungGen      total 275456K, used 10794K [0x00000000e0000000, 0x00000000f4500000, 0x0000000100000000)
  eden space 264192K, 0% used [0x00000000e0000000,0x00000000e0000000,0x00000000f0200000)
  from space 11264K, 95% used [0x00000000f2980000,0x00000000f340a9c0,0x00000000f3480000)
  to   space 16896K, 0% used [0x00000000f3480000,0x00000000f3480000,0x00000000f4500000)
 ParOldGen       total 84992K, used 35993K [0x00000000a0000000, 0x00000000a5300000, 0x00000000e0000000)
  object space 84992K, 42% used [0x00000000a0000000,0x00000000a23267d8,0x00000000a5300000)
 Metaspace       used 56245K, capacity 57860K, committed 58112K, reserved 1099776K
  class space    used 7590K, capacity 7912K, committed 7936K, reserved 1048576K
Event: 261.862 GC heap after
Heap after GC invocations=15 (full 4):
 PSYoungGen      total 275456K, used 0K [0x00000000e0000000, 0x00000000f4500000, 0x0000000100000000)
  eden space 264192K, 0% used [0x00000000e0000000,0x00000000e0000000,0x00000000f0200000)
  from space 11264K, 0% used [0x00000000f2980000,0x00000000f2980000,0x00000000f3480000)
  to   space 16896K, 0% used [0x00000000f3480000,0x00000000f3480000,0x00000000f4500000)
 ParOldGen       total 84992K, used 36408K [0x00000000a0000000, 0x00000000a5300000, 0x00000000e0000000)
  object space 84992K, 42% used [0x00000000a0000000,0x00000000a238e080,0x00000000a5300000)
 Metaspace       used 56245K, capacity 57860K, committed 58112K, reserved 1099776K
  class space    used 7590K, capacity 7912K, committed 7936K, reserved 1048576K
}
Event: 398.835 GC heap before
{Heap before GC invocations=16 (full 4):
 PSYoungGen      total 275456K, used 169985K [0x00000000e0000000, 0x00000000f4500000, 0x0000000100000000)
  eden space 264192K, 64% used [0x00000000e0000000,0x00000000ea600400,0x00000000f0200000)
  from space 11264K, 0% used [0x00000000f2980000,0x00000000f2980000,0x00000000f3480000)
  to   space 16896K, 0% used [0x00000000f3480000,0x00000000f3480000,0x00000000f4500000)
 ParOldGen       total 84992K, used 36408K [0x00000000a0000000, 0x00000000a5300000, 0x00000000e0000000)
  object space 84992K, 42% used [0x00000000a0000000,0x00000000a238e080,0x00000000a5300000)
 Metaspace       used 60109K, capacity 62552K, committed 62720K, reserved 1103872K
  class space    used 8286K, capacity 8835K, committed 8960K, reserved 1048576K
Event: 398.928 GC heap after
Heap after GC invocations=16 (full 4):
 PSYoungGen      total 281088K, used 16865K [0x00000000e0000000, 0x00000000f4500000, 0x0000000100000000)
  eden space 264192K, 0% used [0x00000000e0000000,0x00000000e0000000,0x00000000f0200000)
  from space 16896K, 99% used [0x00000000f3480000,0x00000000f44f85a0,0x00000000f4500000)
  to   space 24064K, 0% used [0x00000000f1600000,0x00000000f1600000,0x00000000f2d80000)
 ParOldGen       total 84992K, used 38117K [0x00000000a0000000, 0x00000000a5300000, 0x00000000e0000000)
  object space 84992K, 44% used [0x00000000a0000000,0x00000000a2539640,0x00000000a5300000)
 Metaspace       used 60109K, capacity 62552K, committed 62720K, reserved 1103872K
  class space    used 8286K, capacity 8835K, committed 8960K, reserved 1048576K
}
Event: 398.928 GC heap before
{Heap before GC invocations=17 (full 5):
 PSYoungGen      total 281088K, used 16865K [0x00000000e0000000, 0x00000000f4500000, 0x0000000100000000)
  eden space 264192K, 0% used [0x00000000e0000000,0x00000000e0000000,0x00000000f0200000)
  from space 16896K, 99% used [0x00000000f3480000,0x00000000f44f85a0,0x00000000f4500000)
  to   space 24064K, 0% used [0x00000000f1600000,0x00000000f1600000,0x00000000f2d80000)
 ParOldGen       total 84992K, used 38117K [0x00000000a0000000, 0x00000000a5300000, 0x00000000e0000000)
  object space 84992K, 44% used [0x00000000a0000000,0x00000000a2539640,0x00000000a5300000)
 Metaspace       used 60109K, capacity 62552K, committed 62720K, reserved 1103872K
  class space    used 8286K, capacity 8835K, committed 8960K, reserved 1048576K
Event: 399.533 GC heap after
Heap after GC invocations=17 (full 5):
 PSYoungGen      total 281088K, used 0K [0x00000000e0000000, 0x00000000f4500000, 0x0000000100000000)
  eden space 264192K, 0% used [0x00000000e0000000,0x00000000e0000000,0x00000000f0200000)
  from space 16896K, 0% used [0x00000000f3480000,0x00000000f3480000,0x00000000f4500000)
  to   space 24064K, 0% used [0x00000000f1600000,0x00000000f1600000,0x00000000f2d80000)
 ParOldGen       total 84992K, used 44275K [0x00000000a0000000, 0x00000000a5300000, 0x00000000e0000000)
  object space 84992K, 52% used [0x00000000a0000000,0x00000000a2b3cef8,0x00000000a5300000)
 Metaspace       used 60109K, capacity 62552K, committed 62720K, reserved 1103872K
  class space    used 8286K, capacity 8835K, committed 8960K, reserved 1048576K
}

