# JRE version: Java(TM) SE Runtime Environment (8.0_73-b02) (build 1.8.0_73-b02)
# Java VM: Java HotSpot(TM) 64-Bit Server VM (25.73-b02 mixed mode windows-amd64 compressed oops)
Heap:
 PSYoungGen      total 291840K, used 124671K [0x00000000e0000000, 0x00000000f3a00000, 0x0000000100000000)
  eden space 276480K, 45% used [0x00000000e0000000,0x00000000e79bfcb8,0x00000000f0e00000)
  from space 15360K, 0% used [0x00000000f1180000,0x00000000f1180000,0x00000000f2080000)
  to   space 22528K, 0% used [0x00000000f2400000,0x00000000f2400000,0x00000000f3a00000)
 ParOldGen       total 70656K, used 42307K [0x00000000a0000000, 0x00000000a4500000, 0x00000000e0000000)
  object space 70656K, 59% used [0x00000000a0000000,0x00000000a2950f98,0x00000000a4500000)
 Metaspace       used 54800K, capacity 56728K, committed 57088K, reserved 1097728K
  class space    used 7644K, capacity 8081K, committed 8192K, reserved 1048576K
GC Heap History (10 events):
Event: 9.370 GC heap before
{Heap before GC invocations=8 (full 1):
 PSYoungGen      total 162816K, used 45460K [0x00000000e0000000, 0x00000000eac80000, 0x0000000100000000)
  eden space 152064K, 23% used [0x00000000e0000000,0x00000000e22db958,0x00000000e9480000)
  from space 10752K, 90% used [0x00000000ea200000,0x00000000eab89900,0x00000000eac80000)
  to   space 12288K, 0% used [0x00000000e9480000,0x00000000e9480000,0x00000000ea080000)
 ParOldGen       total 57856K, used 12707K [0x00000000a0000000, 0x00000000a3880000, 0x00000000e0000000)
  object space 57856K, 21% used [0x00000000a0000000,0x00000000a0c68ec0,0x00000000a3880000)
 Metaspace       used 34516K, capacity 35174K, committed 35456K, reserved 1079296K
  class space    used 4744K, capacity 4936K, committed 4992K, reserved 1048576K
Event: 9.380 GC heap after
Heap after GC invocations=8 (full 1):
 PSYoungGen      total 164352K, used 9253K [0x00000000e0000000, 0x00000000f2f80000, 0x0000000100000000)
  eden space 152064K, 0% used [0x00000000e0000000,0x00000000e0000000,0x00000000e9480000)
  from space 12288K, 75% used [0x00000000e9480000,0x00000000e9d89768,0x00000000ea080000)
  to   space 12288K, 0% used [0x00000000f2380000,0x00000000f2380000,0x00000000f2f80000)
 ParOldGen       total 57856K, used 12715K [0x00000000a0000000, 0x00000000a3880000, 0x00000000e0000000)
  object space 57856K, 21% used [0x00000000a0000000,0x00000000a0c6aec0,0x00000000a3880000)
 Metaspace       used 34516K, capacity 35174K, committed 35456K, reserved 1079296K
  class space    used 4744K, capacity 4936K, committed 4992K, reserved 1048576K
}
Event: 9.380 GC heap before
{Heap before GC invocations=9 (full 2):
 PSYoungGen      total 164352K, used 9253K [0x00000000e0000000, 0x00000000f2f80000, 0x0000000100000000)
  eden space 152064K, 0% used [0x00000000e0000000,0x00000000e0000000,0x00000000e9480000)
  from space 12288K, 75% used [0x00000000e9480000,0x00000000e9d89768,0x00000000ea080000)
  to   space 12288K, 0% used [0x00000000f2380000,0x00000000f2380000,0x00000000f2f80000)
 ParOldGen       total 57856K, used 12715K [0x00000000a0000000, 0x00000000a3880000, 0x00000000e0000000)
  object space 57856K, 21% used [0x00000000a0000000,0x00000000a0c6aec0,0x00000000a3880000)
 Metaspace       used 34516K, capacity 35174K, committed 35456K, reserved 1079296K
  class space    used 4744K, capacity 4936K, committed 4992K, reserved 1048576K
Event: 9.464 GC heap after
Heap after GC invocations=9 (full 2):
 PSYoungGen      total 164352K, used 0K [0x00000000e0000000, 0x00000000f2f80000, 0x0000000100000000)
  eden space 152064K, 0% used [0x00000000e0000000,0x00000000e0000000,0x00000000e9480000)
  from space 12288K, 0% used [0x00000000e9480000,0x00000000e9480000,0x00000000ea080000)
  to   space 12288K, 0% used [0x00000000f2380000,0x00000000f2380000,0x00000000f2f80000)
 ParOldGen       total 70656K, used 16621K [0x00000000a0000000, 0x00000000a4500000, 0x00000000e0000000)
  object space 70656K, 23% used [0x00000000a0000000,0x00000000a103b470,0x00000000a4500000)
 Metaspace       used 34516K, capacity 35174K, committed 35456K, reserved 1079296K
  class space    used 4744K, capacity 4936K, committed 4992K, reserved 1048576K
}
Event: 11.428 GC heap before
{Heap before GC invocations=10 (full 2):
 PSYoungGen      total 164352K, used 152064K [0x00000000e0000000, 0x00000000f2f80000, 0x0000000100000000)
  eden space 152064K, 100% used [0x00000000e0000000,0x00000000e9480000,0x00000000e9480000)
  from space 12288K, 0% used [0x00000000e9480000,0x00000000e9480000,0x00000000ea080000)
  to   space 12288K, 0% used [0x00000000f2380000,0x00000000f2380000,0x00000000f2f80000)
 ParOldGen       total 70656K, used 16621K [0x00000000a0000000, 0x00000000a4500000, 0x00000000e0000000)
  object space 70656K, 23% used [0x00000000a0000000,0x00000000a103b470,0x00000000a4500000)
 Metaspace       used 45522K, capacity 46742K, committed 46848K, reserved 1089536K
  class space    used 6329K, capacity 6623K, committed 6656K, reserved 1048576K
Event: 11.448 GC heap after
Heap after GC invocations=10 (full 2):
 PSYoungGen      total 288768K, used 12261K [0x00000000e0000000, 0x00000000f2f80000, 0x0000000100000000)
  eden space 276480K, 0% used [0x00000000e0000000,0x00000000e0000000,0x00000000f0e00000)
  from space 12288K, 99% used [0x00000000f2380000,0x00000000f2f79600,0x00000000f2f80000)
  to   space 15360K, 0% used [0x00000000f1180000,0x00000000f1180000,0x00000000f2080000)
 ParOldGen       total 70656K, used 20432K [0x00000000a0000000, 0x00000000a4500000, 0x00000000e0000000)
  object space 70656K, 28% used [0x00000000a0000000,0x00000000a13f4230,0x00000000a4500000)
 Metaspace       used 45522K, capacity 46742K, committed 46848K, reserved 1089536K
  class space    used 6329K, capacity 6623K, committed 6656K, reserved 1048576K
}
Event: 12.997 GC heap before
{Heap before GC invocations=11 (full 2):
 PSYoungGen      total 288768K, used 157446K [0x00000000e0000000, 0x00000000f2f80000, 0x0000000100000000)
  eden space 276480K, 52% used [0x00000000e0000000,0x00000000e8dc83d8,0x00000000f0e00000)
  from space 12288K, 99% used [0x00000000f2380000,0x00000000f2f79600,0x00000000f2f80000)
  to   space 15360K, 0% used [0x00000000f1180000,0x00000000f1180000,0x00000000f2080000)
 ParOldGen       total 70656K, used 20432K [0x00000000a0000000, 0x00000000a4500000, 0x00000000e0000000)
  object space 70656K, 28% used [0x00000000a0000000,0x00000000a13f4230,0x00000000a4500000)
 Metaspace       used 51368K, capacity 53332K, committed 53632K, reserved 1095680K
  class space    used 7240K, capacity 7691K, committed 7808K, reserved 1048576K
Event: 13.024 GC heap after
Heap after GC invocations=11 (full 2):
 PSYoungGen      total 291840K, used 15329K [0x00000000e0000000, 0x00000000f3a00000, 0x0000000100000000)
  eden space 276480K, 0% used [0x00000000e0000000,0x00000000e0000000,0x00000000f0e00000)
  from space 15360K, 99% used [0x00000000f1180000,0x00000000f2078580,0x00000000f2080000)
  to   space 22528K, 0% used [0x00000000f2400000,0x00000000f2400000,0x00000000f3a00000)
 ParOldGen       total 70656K, used 34088K [0x00000000a0000000, 0x00000000a4500000, 0x00000000e0000000)
  object space 70656K, 48% used [0x00000000a0000000,0x00000000a214a068,0x00000000a4500000)
 Metaspace       used 51368K, capacity 53332K, committed 53632K, reserved 1095680K
  class space    used 7240K, capacity 7691K, committed 7808K, reserved 1048576K
}
Event: 13.024 GC heap before
{Heap before GC invocations=12 (full 3):
 PSYoungGen      total 291840K, used 15329K [0x00000000e0000000, 0x00000000f3a00000, 0x0000000100000000)
  eden space 276480K, 0% used [0x00000000e0000000,0x00000000e0000000,0x00000000f0e00000)
  from space 15360K, 99% used [0x00000000f1180000,0x00000000f2078580,0x00000000f2080000)
  to   space 22528K, 0% used [0x00000000f2400000,0x00000000f2400000,0x00000000f3a00000)
 ParOldGen       total 70656K, used 34088K [0x00000000a0000000, 0x00000000a4500000, 0x00000000e0000000)
  object space 70656K, 48% used [0x00000000a0000000,0x00000000a214a068,0x00000000a4500000)
 Metaspace       used 51368K, capacity 53332K, committed 53632K, reserved 1095680K
  class space    used 7240K, capacity 7691K, committed 7808K, reserved 1048576K
Event: 13.269 GC heap after
Heap after GC invocations=12 (full 3):
 PSYoungGen      total 291840K, used 0K [0x00000000e0000000, 0x00000000f3a00000, 0x0000000100000000)
  eden space 276480K, 0% used [0x00000000e0000000,0x00000000e0000000,0x00000000f0e00000)
  from space 15360K, 0% used [0x00000000f1180000,0x00000000f1180000,0x00000000f2080000)
  to   space 22528K, 0% used [0x00000000f2400000,0x00000000f2400000,0x00000000f3a00000)
 ParOldGen       total 70656K, used 42307K [0x00000000a0000000, 0x00000000a4500000, 0x00000000e0000000)
  object space 70656K, 59% used [0x00000000a0000000,0x00000000a2950f98,0x00000000a4500000)
 Metaspace       used 51368K, capacity 53332K, committed 53632K, reserved 1095680K
  class space    used 7240K, capacity 7691K, committed 7808K, reserved 1048576K
}

