# JRE version: Java(TM) SE Runtime Environment (8.0_73-b02) (build 1.8.0_73-b02)
# Java VM: Java HotSpot(TM) 64-Bit Server VM (25.73-b02 mixed mode windows-amd64 compressed oops)
Heap:
 PSYoungGen      total 365568K, used 158323K [0x00000000e0000000, 0x00000000fb180000, 0x0000000100000000)
  eden space 364032K, 43% used [0x00000000e0000000,0x00000000e9a9ccf8,0x00000000f6380000)
  from space 1536K, 0% used [0x00000000fb000000,0x00000000fb000000,0x00000000fb180000)
  to   space 22528K, 0% used [0x00000000f8580000,0x00000000f8580000,0x00000000f9b80000)
 ParOldGen       total 104448K, used 48600K [0x00000000a0000000, 0x00000000a6600000, 0x00000000e0000000)
  object space 104448K, 46% used [0x00000000a0000000,0x00000000a2f76088,0x00000000a6600000)
 Metaspace       used 67992K, capacity 70966K, committed 71168K, reserved 1110016K
  class space    used 9062K, capacity 9672K, committed 9728K, reserved 1048576K
GC Heap History (10 events):
Event: 487.926 GC heap before
{Heap before GC invocations=17 (full 5):
 PSYoungGen      total 300032K, used 278528K [0x00000000e0000000, 0x00000000fdb80000, 0x0000000100000000)
  eden space 278528K, 100% used [0x00000000e0000000,0x00000000f1000000,0x00000000f1000000)
  from space 21504K, 0% used [0x00000000f1000000,0x00000000f1000000,0x00000000f2500000)
  to   space 22528K, 0% used [0x00000000fc580000,0x00000000fc580000,0x00000000fdb80000)
 ParOldGen       total 104448K, used 47100K [0x00000000a0000000, 0x00000000a6600000, 0x00000000e0000000)
  object space 104448K, 45% used [0x00000000a0000000,0x00000000a2dff070,0x00000000a6600000)
 Metaspace       used 66893K, capacity 69732K, committed 69760K, reserved 1110016K
  class space    used 9022K, capacity 9593K, committed 9600K, reserved 1048576K
Event: 487.940 GC heap after
Heap after GC invocations=17 (full 5):
 PSYoungGen      total 369152K, used 5055K [0x00000000e0000000, 0x00000000fca80000, 0x0000000100000000)
  eden space 364032K, 0% used [0x00000000e0000000,0x00000000e0000000,0x00000000f6380000)
  from space 5120K, 98% used [0x00000000fc580000,0x00000000fca6fc80,0x00000000fca80000)
  to   space 22016K, 0% used [0x00000000f9f80000,0x00000000f9f80000,0x00000000fb500000)
 ParOldGen       total 104448K, used 47108K [0x00000000a0000000, 0x00000000a6600000, 0x00000000e0000000)
  object space 104448K, 45% used [0x00000000a0000000,0x00000000a2e01070,0x00000000a6600000)
 Metaspace       used 66893K, capacity 69732K, committed 69760K, reserved 1110016K
  class space    used 9022K, capacity 9593K, committed 9600K, reserved 1048576K
}
Event: 488.001 GC heap before
{Heap before GC invocations=18 (full 5):
 PSYoungGen      total 369152K, used 14817K [0x00000000e0000000, 0x00000000fca80000, 0x0000000100000000)
  eden space 364032K, 2% used [0x00000000e0000000,0x00000000e09889c8,0x00000000f6380000)
  from space 5120K, 98% used [0x00000000fc580000,0x00000000fca6fc80,0x00000000fca80000)
  to   space 22016K, 0% used [0x00000000f9f80000,0x00000000f9f80000,0x00000000fb500000)
 ParOldGen       total 104448K, used 47108K [0x00000000a0000000, 0x00000000a6600000, 0x00000000e0000000)
  object space 104448K, 45% used [0x00000000a0000000,0x00000000a2e01070,0x00000000a6600000)
 Metaspace       used 66898K, capacity 69732K, committed 69760K, reserved 1110016K
  class space    used 9022K, capacity 9593K, committed 9600K, reserved 1048576K
Event: 488.006 GC heap after
Heap after GC invocations=18 (full 5):
 PSYoungGen      total 364544K, used 160K [0x00000000e0000000, 0x00000000fc600000, 0x0000000100000000)
  eden space 364032K, 0% used [0x00000000e0000000,0x00000000e0000000,0x00000000f6380000)
  from space 512K, 31% used [0x00000000f9f80000,0x00000000f9fa8000,0x00000000fa000000)
  to   space 22528K, 0% used [0x00000000fb000000,0x00000000fb000000,0x00000000fc600000)
 ParOldGen       total 104448K, used 47776K [0x00000000a0000000, 0x00000000a6600000, 0x00000000e0000000)
  object space 104448K, 45% used [0x00000000a0000000,0x00000000a2ea8100,0x00000000a6600000)
 Metaspace       used 66898K, capacity 69732K, committed 69760K, reserved 1110016K
  class space    used 9022K, capacity 9593K, committed 9600K, reserved 1048576K
}
Event: 488.006 GC heap before
{Heap before GC invocations=19 (full 6):
 PSYoungGen      total 364544K, used 160K [0x00000000e0000000, 0x00000000fc600000, 0x0000000100000000)
  eden space 364032K, 0% used [0x00000000e0000000,0x00000000e0000000,0x00000000f6380000)
  from space 512K, 31% used [0x00000000f9f80000,0x00000000f9fa8000,0x00000000fa000000)
  to   space 22528K, 0% used [0x00000000fb000000,0x00000000fb000000,0x00000000fc600000)
 ParOldGen       total 104448K, used 47776K [0x00000000a0000000, 0x00000000a6600000, 0x00000000e0000000)
  object space 104448K, 45% used [0x00000000a0000000,0x00000000a2ea8100,0x00000000a6600000)
 Metaspace       used 66898K, capacity 69732K, committed 69760K, reserved 1110016K
  class space    used 9022K, capacity 9593K, committed 9600K, reserved 1048576K
Event: 488.635 GC heap after
Heap after GC invocations=19 (full 6):
 PSYoungGen      total 364544K, used 0K [0x00000000e0000000, 0x00000000fc600000, 0x0000000100000000)
  eden space 364032K, 0% used [0x00000000e0000000,0x00000000e0000000,0x00000000f6380000)
  from space 512K, 0% used [0x00000000f9f80000,0x00000000f9f80000,0x00000000fa000000)
  to   space 22528K, 0% used [0x00000000fb000000,0x00000000fb000000,0x00000000fc600000)
 ParOldGen       total 104448K, used 47454K [0x00000000a0000000, 0x00000000a6600000, 0x00000000e0000000)
  object space 104448K, 45% used [0x00000000a0000000,0x00000000a2e57bd0,0x00000000a6600000)
 Metaspace       used 66898K, capacity 69732K, committed 69760K, reserved 1110016K
  class space    used 9022K, capacity 9593K, committed 9600K, reserved 1048576K
}
Event: 644.437 GC heap before
{Heap before GC invocations=20 (full 6):
 PSYoungGen      total 364544K, used 247961K [0x00000000e0000000, 0x00000000fc600000, 0x0000000100000000)
  eden space 364032K, 68% used [0x00000000e0000000,0x00000000ef226748,0x00000000f6380000)
  from space 512K, 0% used [0x00000000f9f80000,0x00000000f9f80000,0x00000000fa000000)
  to   space 22528K, 0% used [0x00000000fb000000,0x00000000fb000000,0x00000000fc600000)
 ParOldGen       total 104448K, used 47454K [0x00000000a0000000, 0x00000000a6600000, 0x00000000e0000000)
  object space 104448K, 45% used [0x00000000a0000000,0x00000000a2e57bd0,0x00000000a6600000)
 Metaspace       used 67640K, capacity 70694K, committed 70912K, reserved 1110016K
  class space    used 9059K, capacity 9670K, committed 9728K, reserved 1048576K
Event: 644.441 GC heap after
Heap after GC invocations=20 (full 6):
 PSYoungGen      total 365568K, used 1478K [0x00000000e0000000, 0x00000000fb180000, 0x0000000100000000)
  eden space 364032K, 0% used [0x00000000e0000000,0x00000000e0000000,0x00000000f6380000)
  from space 1536K, 96% used [0x00000000fb000000,0x00000000fb171a80,0x00000000fb180000)
  to   space 22528K, 0% used [0x00000000f8580000,0x00000000f8580000,0x00000000f9b80000)
 ParOldGen       total 104448K, used 47462K [0x00000000a0000000, 0x00000000a6600000, 0x00000000e0000000)
  object space 104448K, 45% used [0x00000000a0000000,0x00000000a2e59bd0,0x00000000a6600000)
 Metaspace       used 67640K, capacity 70694K, committed 70912K, reserved 1110016K
  class space    used 9059K, capacity 9670K, committed 9728K, reserved 1048576K
}
Event: 644.441 GC heap before
{Heap before GC invocations=21 (full 7):
 PSYoungGen      total 365568K, used 1478K [0x00000000e0000000, 0x00000000fb180000, 0x0000000100000000)
  eden space 364032K, 0% used [0x00000000e0000000,0x00000000e0000000,0x00000000f6380000)
  from space 1536K, 96% used [0x00000000fb000000,0x00000000fb171a80,0x00000000fb180000)
  to   space 22528K, 0% used [0x00000000f8580000,0x00000000f8580000,0x00000000f9b80000)
 ParOldGen       total 104448K, used 47462K [0x00000000a0000000, 0x00000000a6600000, 0x00000000e0000000)
  object space 104448K, 45% used [0x00000000a0000000,0x00000000a2e59bd0,0x00000000a6600000)
 Metaspace       used 67640K, capacity 70694K, committed 70912K, reserved 1110016K
  class space    used 9059K, capacity 9670K, committed 9728K, reserved 1048576K
Event: 644.760 GC heap after
Heap after GC invocations=21 (full 7):
 PSYoungGen      total 365568K, used 0K [0x00000000e0000000, 0x00000000fb180000, 0x0000000100000000)
  eden space 364032K, 0% used [0x00000000e0000000,0x00000000e0000000,0x00000000f6380000)
  from space 1536K, 0% used [0x00000000fb000000,0x00000000fb000000,0x00000000fb180000)
  to   space 22528K, 0% used [0x00000000f8580000,0x00000000f8580000,0x00000000f9b80000)
 ParOldGen       total 104448K, used 48600K [0x00000000a0000000, 0x00000000a6600000, 0x00000000e0000000)
  object space 104448K, 46% used [0x00000000a0000000,0x00000000a2f76088,0x00000000a6600000)
 Metaspace       used 67640K, capacity 70694K, committed 70912K, reserved 1110016K
  class space    used 9059K, capacity 9670K, committed 9728K, reserved 1048576K
}

