# JRE version: Java(TM) SE Runtime Environment (8.0_73-b02) (build 1.8.0_73-b02)
# Java VM: Java HotSpot(TM) 64-Bit Server VM (25.73-b02 mixed mode windows-amd64 compressed oops)
Heap:
 PSYoungGen      total 166400K, used 117178K [0x00000000e0000000, 0x00000000f1680000, 0x0000000100000000)
  eden space 159744K, 73% used [0x00000000e0000000,0x00000000e726e978,0x00000000e9c00000)
  from space 6656K, 0% used [0x00000000e9c00000,0x00000000e9c00000,0x00000000ea280000)
  to   space 14336K, 0% used [0x00000000f0880000,0x00000000f0880000,0x00000000f1680000)
 ParOldGen       total 84992K, used 19286K [0x00000000a0000000, 0x00000000a5300000, 0x00000000e0000000)
  object space 84992K, 22% used [0x00000000a0000000,0x00000000a12d5b70,0x00000000a5300000)
 Metaspace       used 43065K, capacity 43952K, committed 44160K, reserved 1087488K
  class space    used 5928K, capacity 6148K, committed 6272K, reserved 1048576K
GC Heap History (10 events):
Event: 4.616 GC heap before
{Heap before GC invocations=3 (full 0):
 PSYoungGen      total 86528K, used 46677K [0x00000000e0000000, 0x00000000e5b00000, 0x0000000100000000)
  eden space 79872K, 50% used [0x00000000e0000000,0x00000000e2718250,0x00000000e4e00000)
  from space 6656K, 99% used [0x00000000e5480000,0x00000000e5afd560,0x00000000e5b00000)
  to   space 6656K, 0% used [0x00000000e4e00000,0x00000000e4e00000,0x00000000e5480000)
 ParOldGen       total 106496K, used 1799K [0x00000000a0000000, 0x00000000a6800000, 0x00000000e0000000)
  object space 106496K, 1% used [0x00000000a0000000,0x00000000a01c1e60,0x00000000a6800000)
 Metaspace       used 20788K, capacity 21192K, committed 21296K, reserved 1067008K
  class space    used 2800K, capacity 2917K, committed 2944K, reserved 1048576K
Event: 4.948 GC heap after
Heap after GC invocations=3 (full 0):
 PSYoungGen      total 86528K, used 6624K [0x00000000e0000000, 0x00000000ea900000, 0x0000000100000000)
  eden space 79872K, 0% used [0x00000000e0000000,0x00000000e0000000,0x00000000e4e00000)
  from space 6656K, 99% used [0x00000000e4e00000,0x00000000e5478020,0x00000000e5480000)
  to   space 6656K, 0% used [0x00000000ea280000,0x00000000ea280000,0x00000000ea900000)
 ParOldGen       total 106496K, used 5277K [0x00000000a0000000, 0x00000000a6800000, 0x00000000e0000000)
  object space 106496K, 4% used [0x00000000a0000000,0x00000000a05275c8,0x00000000a6800000)
 Metaspace       used 20788K, capacity 21192K, committed 21296K, reserved 1067008K
  class space    used 2800K, capacity 2917K, committed 2944K, reserved 1048576K
}
Event: 4.949 GC heap before
{Heap before GC invocations=4 (full 1):
 PSYoungGen      total 86528K, used 6624K [0x00000000e0000000, 0x00000000ea900000, 0x0000000100000000)
  eden space 79872K, 0% used [0x00000000e0000000,0x00000000e0000000,0x00000000e4e00000)
  from space 6656K, 99% used [0x00000000e4e00000,0x00000000e5478020,0x00000000e5480000)
  to   space 6656K, 0% used [0x00000000ea280000,0x00000000ea280000,0x00000000ea900000)
 ParOldGen       total 106496K, used 5277K [0x00000000a0000000, 0x00000000a6800000, 0x00000000e0000000)
  object space 106496K, 4% used [0x00000000a0000000,0x00000000a05275c8,0x00000000a6800000)
 Metaspace       used 20788K, capacity 21192K, committed 21296K, reserved 1067008K
  class space    used 2800K, capacity 2917K, committed 2944K, reserved 1048576K
Event: 5.042 GC heap after
Heap after GC invocations=4 (full 1):
 PSYoungGen      total 86528K, used 0K [0x00000000e0000000, 0x00000000ea900000, 0x0000000100000000)
  eden space 79872K, 0% used [0x00000000e0000000,0x00000000e0000000,0x00000000e4e00000)
  from space 6656K, 0% used [0x00000000e4e00000,0x00000000e4e00000,0x00000000e5480000)
  to   space 6656K, 0% used [0x00000000ea280000,0x00000000ea280000,0x00000000ea900000)
 ParOldGen       total 60928K, used 9807K [0x00000000a0000000, 0x00000000a3b80000, 0x00000000e0000000)
  object space 60928K, 16% used [0x00000000a0000000,0x00000000a0993d50,0x00000000a3b80000)
 Metaspace       used 20788K, capacity 21192K, committed 21296K, reserved 1067008K
  class space    used 2800K, capacity 2917K, committed 2944K, reserved 1048576K
}
Event: 6.493 GC heap before
{Heap before GC invocations=5 (full 1):
 PSYoungGen      total 86528K, used 79872K [0x00000000e0000000, 0x00000000ea900000, 0x0000000100000000)
  eden space 79872K, 100% used [0x00000000e0000000,0x00000000e4e00000,0x00000000e4e00000)
  from space 6656K, 0% used [0x00000000e4e00000,0x00000000e4e00000,0x00000000e5480000)
  to   space 6656K, 0% used [0x00000000ea280000,0x00000000ea280000,0x00000000ea900000)
 ParOldGen       total 60928K, used 9807K [0x00000000a0000000, 0x00000000a3b80000, 0x00000000e0000000)
  object space 60928K, 16% used [0x00000000a0000000,0x00000000a0993d50,0x00000000a3b80000)
 Metaspace       used 27197K, capacity 27694K, committed 27904K, reserved 1073152K
  class space    used 3809K, capacity 3995K, committed 4096K, reserved 1048576K
Event: 6.526 GC heap after
Heap after GC invocations=5 (full 1):
 PSYoungGen      total 151552K, used 6641K [0x00000000e0000000, 0x00000000ea900000, 0x0000000100000000)
  eden space 144896K, 0% used [0x00000000e0000000,0x00000000e0000000,0x00000000e8d80000)
  from space 6656K, 99% used [0x00000000ea280000,0x00000000ea8fc558,0x00000000ea900000)
  to   space 6656K, 0% used [0x00000000e9c00000,0x00000000e9c00000,0x00000000ea280000)
 ParOldGen       total 60928K, used 11530K [0x00000000a0000000, 0x00000000a3b80000, 0x00000000e0000000)
  object space 60928K, 18% used [0x00000000a0000000,0x00000000a0b42920,0x00000000a3b80000)
 Metaspace       used 27197K, capacity 27694K, committed 27904K, reserved 1073152K
  class space    used 3809K, capacity 3995K, committed 4096K, reserved 1048576K
}
Event: 8.289 GC heap before
{Heap before GC invocations=6 (full 1):
 PSYoungGen      total 151552K, used 121046K [0x00000000e0000000, 0x00000000ea900000, 0x0000000100000000)
  eden space 144896K, 78% used [0x00000000e0000000,0x00000000e6fb9388,0x00000000e8d80000)
  from space 6656K, 99% used [0x00000000ea280000,0x00000000ea8fc558,0x00000000ea900000)
  to   space 6656K, 0% used [0x00000000e9c00000,0x00000000e9c00000,0x00000000ea280000)
 ParOldGen       total 60928K, used 11530K [0x00000000a0000000, 0x00000000a3b80000, 0x00000000e0000000)
  object space 60928K, 18% used [0x00000000a0000000,0x00000000a0b42920,0x00000000a3b80000)
 Metaspace       used 34575K, capacity 35098K, committed 35456K, reserved 1079296K
  class space    used 4724K, capacity 4902K, committed 4992K, reserved 1048576K
Event: 8.302 GC heap after
Heap after GC invocations=6 (full 1):
 PSYoungGen      total 166400K, used 6631K [0x00000000e0000000, 0x00000000f1680000, 0x0000000100000000)
  eden space 159744K, 0% used [0x00000000e0000000,0x00000000e0000000,0x00000000e9c00000)
  from space 6656K, 99% used [0x00000000e9c00000,0x00000000ea279fe8,0x00000000ea280000)
  to   space 14336K, 0% used [0x00000000f0880000,0x00000000f0880000,0x00000000f1680000)
 ParOldGen       total 60928K, used 18115K [0x00000000a0000000, 0x00000000a3b80000, 0x00000000e0000000)
  object space 60928K, 29% used [0x00000000a0000000,0x00000000a11b0c18,0x00000000a3b80000)
 Metaspace       used 34575K, capacity 35098K, committed 35456K, reserved 1079296K
  class space    used 4724K, capacity 4902K, committed 4992K, reserved 1048576K
}
Event: 8.302 GC heap before
{Heap before GC invocations=7 (full 2):
 PSYoungGen      total 166400K, used 6631K [0x00000000e0000000, 0x00000000f1680000, 0x0000000100000000)
  eden space 159744K, 0% used [0x00000000e0000000,0x00000000e0000000,0x00000000e9c00000)
  from space 6656K, 99% used [0x00000000e9c00000,0x00000000ea279fe8,0x00000000ea280000)
  to   space 14336K, 0% used [0x00000000f0880000,0x00000000f0880000,0x00000000f1680000)
 ParOldGen       total 60928K, used 18115K [0x00000000a0000000, 0x00000000a3b80000, 0x00000000e0000000)
  object space 60928K, 29% used [0x00000000a0000000,0x00000000a11b0c18,0x00000000a3b80000)
 Metaspace       used 34575K, capacity 35098K, committed 35456K, reserved 1079296K
  class space    used 4724K, capacity 4902K, committed 4992K, reserved 1048576K
Event: 8.387 GC heap after
Heap after GC invocations=7 (full 2):
 PSYoungGen      total 166400K, used 0K [0x00000000e0000000, 0x00000000f1680000, 0x0000000100000000)
  eden space 159744K, 0% used [0x00000000e0000000,0x00000000e0000000,0x00000000e9c00000)
  from space 6656K, 0% used [0x00000000e9c00000,0x00000000e9c00000,0x00000000ea280000)
  to   space 14336K, 0% used [0x00000000f0880000,0x00000000f0880000,0x00000000f1680000)
 ParOldGen       total 84992K, used 19286K [0x00000000a0000000, 0x00000000a5300000, 0x00000000e0000000)
  object space 84992K, 22% used [0x00000000a0000000,0x00000000a12d5b70,0x00000000a5300000)
 Metaspace       used 34575K, capacity 35098K, committed 35456K, reserved 1079296K
  class space    used 4724K, capacity 4902K, committed 4992K, reserved 1048576K
}

