# JRE version: Java(TM) SE Runtime Environment (8.0_73-b02) (build 1.8.0_73-b02)
# Java VM: Java HotSpot(TM) 64-Bit Server VM (25.73-b02 mixed mode windows-amd64 compressed oops)
Heap:
 PSYoungGen      total 116224K, used 73844K [0x00000000e0000000, 0x00000000e9880000, 0x0000000100000000)
  eden space 103936K, 59% used [0x00000000e0000000,0x00000000e3c1d318,0x00000000e6580000)
  from space 12288K, 100% used [0x00000000e6580000,0x00000000e7180000,0x00000000e7180000)
  to   space 15360K, 0% used [0x00000000e8980000,0x00000000e8980000,0x00000000e9880000)
 ParOldGen       total 116224K, used 20009K [0x00000000a0000000, 0x00000000a7180000, 0x00000000e0000000)
  object space 116224K, 17% used [0x00000000a0000000,0x00000000a138a598,0x00000000a7180000)
 Metaspace       used 50670K, capacity 51822K, committed 52096K, reserved 1093632K
  class space    used 6979K, capacity 7261K, committed 7296K, reserved 1048576K
GC Heap History (10 events):
Event: 7.535 GC heap before
{Heap before GC invocations=7 (full 1):
 PSYoungGen      total 84480K, used 84274K [0x00000000e0000000, 0x00000000e6200000, 0x0000000100000000)
  eden space 77824K, 100% used [0x00000000e0000000,0x00000000e4c00000,0x00000000e4c00000)
  from space 6656K, 96% used [0x00000000e4c80000,0x00000000e52ccb88,0x00000000e5300000)
  to   space 11264K, 0% used [0x00000000e5700000,0x00000000e5700000,0x00000000e6200000)
 ParOldGen       total 75264K, used 9836K [0x00000000a0000000, 0x00000000a4980000, 0x00000000e0000000)
  object space 75264K, 13% used [0x00000000a0000000,0x00000000a099b128,0x00000000a4980000)
 Metaspace       used 32275K, capacity 32790K, committed 33024K, reserved 1077248K
  class space    used 4439K, capacity 4608K, committed 4608K, reserved 1048576K
Event: 7.549 GC heap after
Heap after GC invocations=7 (full 1):
 PSYoungGen      total 88064K, used 10302K [0x00000000e0000000, 0x00000000e7d00000, 0x0000000100000000)
  eden space 76800K, 0% used [0x00000000e0000000,0x00000000e0000000,0x00000000e4b00000)
  from space 11264K, 91% used [0x00000000e5700000,0x00000000e610fb40,0x00000000e6200000)
  to   space 12288K, 0% used [0x00000000e4b00000,0x00000000e4b00000,0x00000000e5700000)
 ParOldGen       total 75264K, used 9844K [0x00000000a0000000, 0x00000000a4980000, 0x00000000e0000000)
  object space 75264K, 13% used [0x00000000a0000000,0x00000000a099d128,0x00000000a4980000)
 Metaspace       used 32275K, capacity 32790K, committed 33024K, reserved 1077248K
  class space    used 4439K, capacity 4608K, committed 4608K, reserved 1048576K
}
Event: 7.866 GC heap before
{Heap before GC invocations=8 (full 1):
 PSYoungGen      total 88064K, used 28695K [0x00000000e0000000, 0x00000000e7d00000, 0x0000000100000000)
  eden space 76800K, 23% used [0x00000000e0000000,0x00000000e11f61d0,0x00000000e4b00000)
  from space 11264K, 91% used [0x00000000e5700000,0x00000000e610fb40,0x00000000e6200000)
  to   space 12288K, 0% used [0x00000000e4b00000,0x00000000e4b00000,0x00000000e5700000)
 ParOldGen       total 75264K, used 9844K [0x00000000a0000000, 0x00000000a4980000, 0x00000000e0000000)
  object space 75264K, 13% used [0x00000000a0000000,0x00000000a099d128,0x00000000a4980000)
 Metaspace       used 34581K, capacity 35098K, committed 35456K, reserved 1079296K
  class space    used 4725K, capacity 4902K, committed 4992K, reserved 1048576K
Event: 7.878 GC heap after
Heap after GC invocations=8 (full 1):
 PSYoungGen      total 89088K, used 9498K [0x00000000e0000000, 0x00000000e7e00000, 0x0000000100000000)
  eden space 76800K, 0% used [0x00000000e0000000,0x00000000e0000000,0x00000000e4b00000)
  from space 12288K, 77% used [0x00000000e4b00000,0x00000000e54469e0,0x00000000e5700000)
  to   space 12800K, 0% used [0x00000000e7180000,0x00000000e7180000,0x00000000e7e00000)
 ParOldGen       total 75264K, used 9852K [0x00000000a0000000, 0x00000000a4980000, 0x00000000e0000000)
  object space 75264K, 13% used [0x00000000a0000000,0x00000000a099f128,0x00000000a4980000)
 Metaspace       used 34581K, capacity 35098K, committed 35456K, reserved 1079296K
  class space    used 4725K, capacity 4902K, committed 4992K, reserved 1048576K
}
Event: 7.878 GC heap before
{Heap before GC invocations=9 (full 2):
 PSYoungGen      total 89088K, used 9498K [0x00000000e0000000, 0x00000000e7e00000, 0x0000000100000000)
  eden space 76800K, 0% used [0x00000000e0000000,0x00000000e0000000,0x00000000e4b00000)
  from space 12288K, 77% used [0x00000000e4b00000,0x00000000e54469e0,0x00000000e5700000)
  to   space 12800K, 0% used [0x00000000e7180000,0x00000000e7180000,0x00000000e7e00000)
 ParOldGen       total 75264K, used 9852K [0x00000000a0000000, 0x00000000a4980000, 0x00000000e0000000)
  object space 75264K, 13% used [0x00000000a0000000,0x00000000a099f128,0x00000000a4980000)
 Metaspace       used 34581K, capacity 35098K, committed 35456K, reserved 1079296K
  class space    used 4725K, capacity 4902K, committed 4992K, reserved 1048576K
Event: 7.963 GC heap after
Heap after GC invocations=9 (full 2):
 PSYoungGen      total 89088K, used 0K [0x00000000e0000000, 0x00000000e7e00000, 0x0000000100000000)
  eden space 76800K, 0% used [0x00000000e0000000,0x00000000e0000000,0x00000000e4b00000)
  from space 12288K, 0% used [0x00000000e4b00000,0x00000000e4b00000,0x00000000e5700000)
  to   space 12800K, 0% used [0x00000000e7180000,0x00000000e7180000,0x00000000e7e00000)
 ParOldGen       total 116224K, used 15658K [0x00000000a0000000, 0x00000000a7180000, 0x00000000e0000000)
  object space 116224K, 13% used [0x00000000a0000000,0x00000000a0f4a968,0x00000000a7180000)
 Metaspace       used 34581K, capacity 35098K, committed 35456K, reserved 1079296K
  class space    used 4725K, capacity 4902K, committed 4992K, reserved 1048576K
}
Event: 9.052 GC heap before
{Heap before GC invocations=10 (full 2):
 PSYoungGen      total 89088K, used 76800K [0x00000000e0000000, 0x00000000e7e00000, 0x0000000100000000)
  eden space 76800K, 100% used [0x00000000e0000000,0x00000000e4b00000,0x00000000e4b00000)
  from space 12288K, 0% used [0x00000000e4b00000,0x00000000e4b00000,0x00000000e5700000)
  to   space 12800K, 0% used [0x00000000e7180000,0x00000000e7180000,0x00000000e7e00000)
 ParOldGen       total 116224K, used 15658K [0x00000000a0000000, 0x00000000a7180000, 0x00000000e0000000)
  object space 116224K, 13% used [0x00000000a0000000,0x00000000a0f4a968,0x00000000a7180000)
 Metaspace       used 40815K, capacity 41538K, committed 41856K, reserved 1085440K
  class space    used 5581K, capacity 5719K, committed 5760K, reserved 1048576K
Event: 9.070 GC heap after
Heap after GC invocations=10 (full 2):
 PSYoungGen      total 116736K, used 7322K [0x00000000e0000000, 0x00000000e8000000, 0x0000000100000000)
  eden space 103936K, 0% used [0x00000000e0000000,0x00000000e0000000,0x00000000e6580000)
  from space 12800K, 57% used [0x00000000e7180000,0x00000000e78a6888,0x00000000e7e00000)
  to   space 12288K, 0% used [0x00000000e6580000,0x00000000e6580000,0x00000000e7180000)
 ParOldGen       total 116224K, used 15666K [0x00000000a0000000, 0x00000000a7180000, 0x00000000e0000000)
  object space 116224K, 13% used [0x00000000a0000000,0x00000000a0f4c968,0x00000000a7180000)
 Metaspace       used 40815K, capacity 41538K, committed 41856K, reserved 1085440K
  class space    used 5581K, capacity 5719K, committed 5760K, reserved 1048576K
}
Event: 10.891 GC heap before
{Heap before GC invocations=11 (full 2):
 PSYoungGen      total 116736K, used 111258K [0x00000000e0000000, 0x00000000e8000000, 0x0000000100000000)
  eden space 103936K, 100% used [0x00000000e0000000,0x00000000e6580000,0x00000000e6580000)
  from space 12800K, 57% used [0x00000000e7180000,0x00000000e78a6888,0x00000000e7e00000)
  to   space 12288K, 0% used [0x00000000e6580000,0x00000000e6580000,0x00000000e7180000)
 ParOldGen       total 116224K, used 15666K [0x00000000a0000000, 0x00000000a7180000, 0x00000000e0000000)
  object space 116224K, 13% used [0x00000000a0000000,0x00000000a0f4c968,0x00000000a7180000)
 Metaspace       used 48200K, capacity 49304K, committed 49536K, reserved 1091584K
  class space    used 6669K, capacity 6922K, committed 7040K, reserved 1048576K
Event: 10.908 GC heap after
Heap after GC invocations=11 (full 2):
 PSYoungGen      total 116224K, used 12288K [0x00000000e0000000, 0x00000000e9880000, 0x0000000100000000)
  eden space 103936K, 0% used [0x00000000e0000000,0x00000000e0000000,0x00000000e6580000)
  from space 12288K, 100% used [0x00000000e6580000,0x00000000e7180000,0x00000000e7180000)
  to   space 15360K, 0% used [0x00000000e8980000,0x00000000e8980000,0x00000000e9880000)
 ParOldGen       total 116224K, used 20009K [0x00000000a0000000, 0x00000000a7180000, 0x00000000e0000000)
  object space 116224K, 17% used [0x00000000a0000000,0x00000000a138a598,0x00000000a7180000)
 Metaspace       used 48200K, capacity 49304K, committed 49536K, reserved 1091584K
  class space    used 6669K, capacity 6922K, committed 7040K, reserved 1048576K
}

