# JRE version: Java(TM) SE Runtime Environment (8.0_73-b02) (build 1.8.0_73-b02)
# Java VM: Java HotSpot(TM) 64-Bit Server VM (25.73-b02 mixed mode windows-amd64 compressed oops)
Heap:
 PSYoungGen      total 286208K, used 246790K [0x00000000e0000000, 0x00000000f3e00000, 0x0000000100000000)
  eden space 257024K, 96% used [0x00000000e0000000,0x00000000ef101958,0x00000000efb00000)
  from space 29184K, 0% used [0x00000000f1780000,0x00000000f1780000,0x00000000f3400000)
  to   space 29184K, 4% used [0x00000000efb00000,0x00000000efc60000,0x00000000f1780000)
 ParOldGen       total 1048576K, used 50940K [0x00000000a0000000, 0x00000000e0000000, 0x00000000e0000000)
  object space 1048576K, 4% used [0x00000000a0000000,0x00000000a31bf200,0x00000000e0000000)
 Metaspace       used 69672K, capacity 72766K, committed 72960K, reserved 1112064K
  class space    used 9303K, capacity 9922K, committed 9984K, reserved 1048576K
GC Heap History (10 events):
Event: 264.735 GC heap after
Heap after GC invocations=21 (full 5):
 PSYoungGen      total 237568K, used 12841K [0x00000000e0000000, 0x00000000f2c80000, 0x0000000100000000)
  eden space 216064K, 0% used [0x00000000e0000000,0x00000000e0000000,0x00000000ed300000)
  from space 21504K, 59% used [0x00000000ee800000,0x00000000ef48a6f8,0x00000000efd00000)
  to   space 21504K, 0% used [0x00000000ed300000,0x00000000ed300000,0x00000000ee800000)
 ParOldGen       total 83456K, used 60385K [0x00000000a0000000, 0x00000000a5180000, 0x00000000e0000000)
  object space 83456K, 72% used [0x00000000a0000000,0x00000000a3af8778,0x00000000a5180000)
 Metaspace       used 59153K, capacity 61706K, committed 61952K, reserved 1101824K
  class space    used 8053K, capacity 8618K, committed 8704K, reserved 1048576K
}
Event: 305.286 GC heap before
{Heap before GC invocations=22 (full 5):
 PSYoungGen      total 237568K, used 228905K [0x00000000e0000000, 0x00000000f2c80000, 0x0000000100000000)
  eden space 216064K, 100% used [0x00000000e0000000,0x00000000ed300000,0x00000000ed300000)
  from space 21504K, 59% used [0x00000000ee800000,0x00000000ef48a6f8,0x00000000efd00000)
  to   space 21504K, 0% used [0x00000000ed300000,0x00000000ed300000,0x00000000ee800000)
 ParOldGen       total 83456K, used 60385K [0x00000000a0000000, 0x00000000a5180000, 0x00000000e0000000)
  object space 83456K, 72% used [0x00000000a0000000,0x00000000a3af8778,0x00000000a5180000)
 Metaspace       used 66985K, capacity 69974K, committed 70144K, reserved 1110016K
  class space    used 9024K, capacity 9648K, committed 9728K, reserved 1048576K
Event: 305.324 GC heap after
Heap after GC invocations=22 (full 5):
 PSYoungGen      total 237568K, used 21501K [0x00000000e0000000, 0x00000000f3400000, 0x0000000100000000)
  eden space 216064K, 0% used [0x00000000e0000000,0x00000000e0000000,0x00000000ed300000)
  from space 21504K, 99% used [0x00000000ed300000,0x00000000ee7ff590,0x00000000ee800000)
  to   space 29184K, 0% used [0x00000000f1780000,0x00000000f1780000,0x00000000f3400000)
 ParOldGen       total 83456K, used 72554K [0x00000000a0000000, 0x00000000a5180000, 0x00000000e0000000)
  object space 83456K, 86% used [0x00000000a0000000,0x00000000a46daaa0,0x00000000a5180000)
 Metaspace       used 66985K, capacity 69974K, committed 70144K, reserved 1110016K
  class space    used 9024K, capacity 9648K, committed 9728K, reserved 1048576K
}
Event: 305.324 GC heap before
{Heap before GC invocations=23 (full 6):
 PSYoungGen      total 237568K, used 21501K [0x00000000e0000000, 0x00000000f3400000, 0x0000000100000000)
  eden space 216064K, 0% used [0x00000000e0000000,0x00000000e0000000,0x00000000ed300000)
  from space 21504K, 99% used [0x00000000ed300000,0x00000000ee7ff590,0x00000000ee800000)
  to   space 29184K, 0% used [0x00000000f1780000,0x00000000f1780000,0x00000000f3400000)
 ParOldGen       total 83456K, used 72554K [0x00000000a0000000, 0x00000000a5180000, 0x00000000e0000000)
  object space 83456K, 86% used [0x00000000a0000000,0x00000000a46daaa0,0x00000000a5180000)
 Metaspace       used 66985K, capacity 69974K, committed 70144K, reserved 1110016K
  class space    used 9024K, capacity 9648K, committed 9728K, reserved 1048576K
Event: 305.558 GC heap after
Heap after GC invocations=23 (full 6):
 PSYoungGen      total 237568K, used 0K [0x00000000e0000000, 0x00000000f3400000, 0x0000000100000000)
  eden space 216064K, 0% used [0x00000000e0000000,0x00000000e0000000,0x00000000ed300000)
  from space 21504K, 0% used [0x00000000ed300000,0x00000000ed300000,0x00000000ee800000)
  to   space 29184K, 0% used [0x00000000f1780000,0x00000000f1780000,0x00000000f3400000)
 ParOldGen       total 172544K, used 73778K [0x00000000a0000000, 0x00000000aa880000, 0x00000000e0000000)
  object space 172544K, 42% used [0x00000000a0000000,0x00000000a480ca58,0x00000000aa880000)
 Metaspace       used 66985K, capacity 69974K, committed 70144K, reserved 1110016K
  class space    used 9024K, capacity 9648K, committed 9728K, reserved 1048576K
}
Event: 388.179 GC heap before
{Heap before GC invocations=24 (full 6):
 PSYoungGen      total 237568K, used 174503K [0x00000000e0000000, 0x00000000f3400000, 0x0000000100000000)
  eden space 216064K, 80% used [0x00000000e0000000,0x00000000eaa69f28,0x00000000ed300000)
  from space 21504K, 0% used [0x00000000ed300000,0x00000000ed300000,0x00000000ee800000)
  to   space 29184K, 0% used [0x00000000f1780000,0x00000000f1780000,0x00000000f3400000)
 ParOldGen       total 172544K, used 73778K [0x00000000a0000000, 0x00000000aa880000, 0x00000000e0000000)
  object space 172544K, 42% used [0x00000000a0000000,0x00000000a480ca58,0x00000000aa880000)
 Metaspace       used 68914K, capacity 71848K, committed 72192K, reserved 1112064K
  class space    used 9285K, capacity 9889K, committed 9984K, reserved 1048576K
Event: 388.189 GC heap after
Heap after GC invocations=24 (full 6):
 PSYoungGen      total 286208K, used 2709K [0x00000000e0000000, 0x00000000f3e00000, 0x0000000100000000)
  eden space 257024K, 0% used [0x00000000e0000000,0x00000000e0000000,0x00000000efb00000)
  from space 29184K, 9% used [0x00000000f1780000,0x00000000f1a25728,0x00000000f3400000)
  to   space 29184K, 0% used [0x00000000efb00000,0x00000000efb00000,0x00000000f1780000)
 ParOldGen       total 172544K, used 73786K [0x00000000a0000000, 0x00000000aa880000, 0x00000000e0000000)
  object space 172544K, 42% used [0x00000000a0000000,0x00000000a480ea58,0x00000000aa880000)
 Metaspace       used 68914K, capacity 71848K, committed 72192K, reserved 1112064K
  class space    used 9285K, capacity 9889K, committed 9984K, reserved 1048576K
}
Event: 388.189 GC heap before
{Heap before GC invocations=25 (full 7):
 PSYoungGen      total 286208K, used 2709K [0x00000000e0000000, 0x00000000f3e00000, 0x0000000100000000)
  eden space 257024K, 0% used [0x00000000e0000000,0x00000000e0000000,0x00000000efb00000)
  from space 29184K, 9% used [0x00000000f1780000,0x00000000f1a25728,0x00000000f3400000)
  to   space 29184K, 0% used [0x00000000efb00000,0x00000000efb00000,0x00000000f1780000)
 ParOldGen       total 172544K, used 73786K [0x00000000a0000000, 0x00000000aa880000, 0x00000000e0000000)
  object space 172544K, 42% used [0x00000000a0000000,0x00000000a480ea58,0x00000000aa880000)
 Metaspace       used 68914K, capacity 71848K, committed 72192K, reserved 1112064K
  class space    used 9285K, capacity 9889K, committed 9984K, reserved 1048576K
Event: 388.854 GC heap after
Heap after GC invocations=25 (full 7):
 PSYoungGen      total 286208K, used 0K [0x00000000e0000000, 0x00000000f3e00000, 0x0000000100000000)
  eden space 257024K, 0% used [0x00000000e0000000,0x00000000e0000000,0x00000000efb00000)
  from space 29184K, 0% used [0x00000000f1780000,0x00000000f1780000,0x00000000f3400000)
  to   space 29184K, 0% used [0x00000000efb00000,0x00000000efb00000,0x00000000f1780000)
 ParOldGen       total 172544K, used 50932K [0x00000000a0000000, 0x00000000aa880000, 0x00000000e0000000)
  object space 172544K, 29% used [0x00000000a0000000,0x00000000a31bd200,0x00000000aa880000)
 Metaspace       used 68914K, capacity 71848K, committed 72192K, reserved 1112064K
  class space    used 9285K, capacity 9889K, committed 9984K, reserved 1048576K
}
Event: 569.964 GC heap before
{Heap before GC invocations=26 (full 7):
 PSYoungGen      total 286208K, used 246790K [0x00000000e0000000, 0x00000000f3e00000, 0x0000000100000000)
  eden space 257024K, 96% used [0x00000000e0000000,0x00000000ef101958,0x00000000efb00000)
  from space 29184K, 0% used [0x00000000f1780000,0x00000000f1780000,0x00000000f3400000)
  to   space 29184K, 0% used [0x00000000efb00000,0x00000000efb00000,0x00000000f1780000)
 ParOldGen       total 1048576K, used 50932K [0x00000000a0000000, 0x00000000e0000000, 0x00000000e0000000)
  object space 1048576K, 4% used [0x00000000a0000000,0x00000000a31bd200,0x00000000e0000000)
 Metaspace       used 69672K, capacity 72766K, committed 72960K, reserved 1112064K
  class space    used 9303K, capacity 9922K, committed 9984K, reserved 1048576K

