# JRE version: Java(TM) SE Runtime Environment (8.0_73-b02) (build 1.8.0_73-b02)
# Java VM: Java HotSpot(TM) 64-Bit Server VM (25.73-b02 mixed mode windows-amd64 compressed oops)
Heap:
 PSYoungGen      total 372736K, used 74245K [0x00000000e0000000, 0x00000000f7f00000, 0x0000000100000000)
  eden space 354304K, 20% used [0x00000000e0000000,0x00000000e4881690,0x00000000f5a00000)
  from space 18432K, 0% used [0x00000000f6d00000,0x00000000f6d00000,0x00000000f7f00000)
  to   space 18944K, 0% used [0x00000000f5a00000,0x00000000f5a00000,0x00000000f6c80000)
 ParOldGen       total 112640K, used 21979K [0x00000000a0000000, 0x00000000a6e00000, 0x00000000e0000000)
  object space 112640K, 19% used [0x00000000a0000000,0x00000000a1576ec0,0x00000000a6e00000)
 Metaspace       used 64291K, capacity 65730K, committed 67584K, reserved 1107968K
  class space    used 8240K, capacity 8583K, committed 8960K, reserved 1048576K
GC Heap History (10 events):
Event: 1670.808 GC heap before
{Heap before GC invocations=26 (full 10):
 PSYoungGen      total 373760K, used 1286K [0x00000000e0000000, 0x00000000f8100000, 0x0000000100000000)
  eden space 354304K, 0% used [0x00000000e0000000,0x00000000e0000000,0x00000000f5a00000)
  from space 19456K, 6% used [0x00000000f6e00000,0x00000000f6f41a80,0x00000000f8100000)
  to   space 19968K, 0% used [0x00000000f5a00000,0x00000000f5a00000,0x00000000f6d80000)
 ParOldGen       total 112640K, used 27083K [0x00000000a0000000, 0x00000000a6e00000, 0x00000000e0000000)
  object space 112640K, 24% used [0x00000000a0000000,0x00000000a1a72d28,0x00000000a6e00000)
 Metaspace       used 64394K, capacity 66686K, committed 66944K, reserved 1107968K
  class space    used 8374K, capacity 8813K, committed 8832K, reserved 1048576K
Event: 1671.074 GC heap after
Heap after GC invocations=26 (full 10):
 PSYoungGen      total 373760K, used 0K [0x00000000e0000000, 0x00000000f8100000, 0x0000000100000000)
  eden space 354304K, 0% used [0x00000000e0000000,0x00000000e0000000,0x00000000f5a00000)
  from space 19456K, 0% used [0x00000000f6e00000,0x00000000f6e00000,0x00000000f8100000)
  to   space 19968K, 0% used [0x00000000f5a00000,0x00000000f5a00000,0x00000000f6d80000)
 ParOldGen       total 112640K, used 27584K [0x00000000a0000000, 0x00000000a6e00000, 0x00000000e0000000)
  object space 112640K, 24% used [0x00000000a0000000,0x00000000a1af01f0,0x00000000a6e00000)
 Metaspace       used 64394K, capacity 66686K, committed 66944K, reserved 1107968K
  class space    used 8374K, capacity 8813K, committed 8832K, reserved 1048576K
}
Event: 1984.147 GC heap before
{Heap before GC invocations=27 (full 10):
 PSYoungGen      total 373760K, used 93405K [0x00000000e0000000, 0x00000000f8100000, 0x0000000100000000)
  eden space 354304K, 26% used [0x00000000e0000000,0x00000000e5b37450,0x00000000f5a00000)
  from space 19456K, 0% used [0x00000000f6e00000,0x00000000f6e00000,0x00000000f8100000)
  to   space 19968K, 0% used [0x00000000f5a00000,0x00000000f5a00000,0x00000000f6d80000)
 ParOldGen       total 112640K, used 27584K [0x00000000a0000000, 0x00000000a6e00000, 0x00000000e0000000)
  object space 112640K, 24% used [0x00000000a0000000,0x00000000a1af01f0,0x00000000a6e00000)
 Metaspace       used 64605K, capacity 66888K, committed 66944K, reserved 1107968K
  class space    used 8375K, capacity 8814K, committed 8832K, reserved 1048576K
Event: 1984.165 GC heap after
Heap after GC invocations=27 (full 10):
 PSYoungGen      total 355328K, used 751K [0x00000000e0000000, 0x00000000f8000000, 0x0000000100000000)
  eden space 354304K, 0% used [0x00000000e0000000,0x00000000e0000000,0x00000000f5a00000)
  from space 1024K, 73% used [0x00000000f5a00000,0x00000000f5abbc60,0x00000000f5b00000)
  to   space 19456K, 0% used [0x00000000f6d00000,0x00000000f6d00000,0x00000000f8000000)
 ParOldGen       total 112640K, used 27584K [0x00000000a0000000, 0x00000000a6e00000, 0x00000000e0000000)
  object space 112640K, 24% used [0x00000000a0000000,0x00000000a1af01f0,0x00000000a6e00000)
 Metaspace       used 64605K, capacity 66888K, committed 66944K, reserved 1107968K
  class space    used 8375K, capacity 8814K, committed 8832K, reserved 1048576K
}
Event: 1984.165 GC heap before
{Heap before GC invocations=28 (full 11):
 PSYoungGen      total 355328K, used 751K [0x00000000e0000000, 0x00000000f8000000, 0x0000000100000000)
  eden space 354304K, 0% used [0x00000000e0000000,0x00000000e0000000,0x00000000f5a00000)
  from space 1024K, 73% used [0x00000000f5a00000,0x00000000f5abbc60,0x00000000f5b00000)
  to   space 19456K, 0% used [0x00000000f6d00000,0x00000000f6d00000,0x00000000f8000000)
 ParOldGen       total 112640K, used 27584K [0x00000000a0000000, 0x00000000a6e00000, 0x00000000e0000000)
  object space 112640K, 24% used [0x00000000a0000000,0x00000000a1af01f0,0x00000000a6e00000)
 Metaspace       used 64605K, capacity 66888K, committed 66944K, reserved 1107968K
  class space    used 8375K, capacity 8814K, committed 8832K, reserved 1048576K
Event: 1984.506 GC heap after
Heap after GC invocations=28 (full 11):
 PSYoungGen      total 355328K, used 0K [0x00000000e0000000, 0x00000000f8000000, 0x0000000100000000)
  eden space 354304K, 0% used [0x00000000e0000000,0x00000000e0000000,0x00000000f5a00000)
  from space 1024K, 0% used [0x00000000f5a00000,0x00000000f5a00000,0x00000000f5b00000)
  to   space 19456K, 0% used [0x00000000f6d00000,0x00000000f6d00000,0x00000000f8000000)
 ParOldGen       total 112640K, used 26990K [0x00000000a0000000, 0x00000000a6e00000, 0x00000000e0000000)
  object space 112640K, 23% used [0x00000000a0000000,0x00000000a1a5ba08,0x00000000a6e00000)
 Metaspace       used 64516K, capacity 66744K, committed 66944K, reserved 1107968K
  class space    used 8362K, capacity 8790K, committed 8832K, reserved 1048576K
}
Event: 4785.382 GC heap before
{Heap before GC invocations=29 (full 11):
 PSYoungGen      total 355328K, used 121588K [0x00000000e0000000, 0x00000000f8000000, 0x0000000100000000)
  eden space 354304K, 34% used [0x00000000e0000000,0x00000000e76bd2a0,0x00000000f5a00000)
  from space 1024K, 0% used [0x00000000f5a00000,0x00000000f5a00000,0x00000000f5b00000)
  to   space 19456K, 0% used [0x00000000f6d00000,0x00000000f6d00000,0x00000000f8000000)
 ParOldGen       total 112640K, used 26990K [0x00000000a0000000, 0x00000000a6e00000, 0x00000000e0000000)
  object space 112640K, 23% used [0x00000000a0000000,0x00000000a1a5ba08,0x00000000a6e00000)
 Metaspace       used 64893K, capacity 67106K, committed 67584K, reserved 1107968K
  class space    used 8373K, capacity 8823K, committed 8960K, reserved 1048576K
Event: 4785.416 GC heap after
Heap after GC invocations=29 (full 11):
 PSYoungGen      total 372736K, used 1375K [0x00000000e0000000, 0x00000000f7f00000, 0x0000000100000000)
  eden space 354304K, 0% used [0x00000000e0000000,0x00000000e0000000,0x00000000f5a00000)
  from space 18432K, 7% used [0x00000000f6d00000,0x00000000f6e57c50,0x00000000f7f00000)
  to   space 18944K, 0% used [0x00000000f5a00000,0x00000000f5a00000,0x00000000f6c80000)
 ParOldGen       total 112640K, used 26998K [0x00000000a0000000, 0x00000000a6e00000, 0x00000000e0000000)
  object space 112640K, 23% used [0x00000000a0000000,0x00000000a1a5da08,0x00000000a6e00000)
 Metaspace       used 64893K, capacity 67106K, committed 67584K, reserved 1107968K
  class space    used 8373K, capacity 8823K, committed 8960K, reserved 1048576K
}
Event: 4785.416 GC heap before
{Heap before GC invocations=30 (full 12):
 PSYoungGen      total 372736K, used 1375K [0x00000000e0000000, 0x00000000f7f00000, 0x0000000100000000)
  eden space 354304K, 0% used [0x00000000e0000000,0x00000000e0000000,0x00000000f5a00000)
  from space 18432K, 7% used [0x00000000f6d00000,0x00000000f6e57c50,0x00000000f7f00000)
  to   space 18944K, 0% used [0x00000000f5a00000,0x00000000f5a00000,0x00000000f6c80000)
 ParOldGen       total 112640K, used 26998K [0x00000000a0000000, 0x00000000a6e00000, 0x00000000e0000000)
  object space 112640K, 23% used [0x00000000a0000000,0x00000000a1a5da08,0x00000000a6e00000)
 Metaspace       used 64893K, capacity 67106K, committed 67584K, reserved 1107968K
  class space    used 8373K, capacity 8823K, committed 8960K, reserved 1048576K
Event: 4785.805 GC heap after
Heap after GC invocations=30 (full 12):
 PSYoungGen      total 372736K, used 0K [0x00000000e0000000, 0x00000000f7f00000, 0x0000000100000000)
  eden space 354304K, 0% used [0x00000000e0000000,0x00000000e0000000,0x00000000f5a00000)
  from space 18432K, 0% used [0x00000000f6d00000,0x00000000f6d00000,0x00000000f7f00000)
  to   space 18944K, 0% used [0x00000000f5a00000,0x00000000f5a00000,0x00000000f6c80000)
 ParOldGen       total 112640K, used 21979K [0x00000000a0000000, 0x00000000a6e00000, 0x00000000e0000000)
  object space 112640K, 19% used [0x00000000a0000000,0x00000000a1576ec0,0x00000000a6e00000)
 Metaspace       used 64026K, capacity 65310K, committed 67584K, reserved 1107968K
  class space    used 8204K, capacity 8521K, committed 8960K, reserved 1048576K
}

