# JRE version: Java(TM) SE Runtime Environment (8.0_73-b02) (build 1.8.0_73-b02)
# Java VM: Java HotSpot(TM) 64-Bit Server VM (25.73-b02 mixed mode windows-amd64 compressed oops)
Heap:
 PSYoungGen      total 264192K, used 47944K [0x00000000e0000000, 0x00000000f1300000, 0x0000000100000000)
  eden space 251904K, 14% used [0x00000000e0000000,0x00000000e22da010,0x00000000ef600000)
  from space 12288K, 99% used [0x00000000f0500000,0x00000000f10f80c0,0x00000000f1100000)
  to   space 14848K, 0% used [0x00000000ef600000,0x00000000ef600000,0x00000000f0480000)
 ParOldGen       total 76800K, used 19920K [0x00000000a0000000, 0x00000000a4b00000, 0x00000000e0000000)
  object space 76800K, 25% used [0x00000000a0000000,0x00000000a1374008,0x00000000a4b00000)
 Metaspace       used 47854K, capacity 49064K, committed 49280K, reserved 1091584K
  class space    used 6622K, capacity 6922K, committed 7040K, reserved 1048576K
GC Heap History (10 events):
Event: 3.845 GC heap before
{Heap before GC invocations=6 (full 1):
 PSYoungGen      total 86528K, used 79872K [0x00000000e0000000, 0x00000000e5b00000, 0x0000000100000000)
  eden space 79872K, 100% used [0x00000000e0000000,0x00000000e4e00000,0x00000000e4e00000)
  from space 6656K, 0% used [0x00000000e5480000,0x00000000e5480000,0x00000000e5b00000)
  to   space 6656K, 0% used [0x00000000e4e00000,0x00000000e4e00000,0x00000000e5480000)
 ParOldGen       total 58368K, used 7783K [0x00000000a0000000, 0x00000000a3900000, 0x00000000e0000000)
  object space 58368K, 13% used [0x00000000a0000000,0x00000000a0799f38,0x00000000a3900000)
 Metaspace       used 27212K, capacity 27818K, committed 28160K, reserved 1073152K
  class space    used 3842K, capacity 3997K, committed 4096K, reserved 1048576K
Event: 3.856 GC heap after
Heap after GC invocations=6 (full 1):
 PSYoungGen      total 86528K, used 6627K [0x00000000e0000000, 0x00000000ea600000, 0x0000000100000000)
  eden space 79872K, 0% used [0x00000000e0000000,0x00000000e0000000,0x00000000e4e00000)
  from space 6656K, 99% used [0x00000000e4e00000,0x00000000e5478c88,0x00000000e5480000)
  to   space 11776K, 0% used [0x00000000e9a80000,0x00000000e9a80000,0x00000000ea600000)
 ParOldGen       total 58368K, used 9869K [0x00000000a0000000, 0x00000000a3900000, 0x00000000e0000000)
  object space 58368K, 16% used [0x00000000a0000000,0x00000000a09a34c0,0x00000000a3900000)
 Metaspace       used 27212K, capacity 27818K, committed 28160K, reserved 1073152K
  class space    used 3842K, capacity 3997K, committed 4096K, reserved 1048576K
}
Event: 5.144 GC heap before
{Heap before GC invocations=7 (full 1):
 PSYoungGen      total 86528K, used 86499K [0x00000000e0000000, 0x00000000ea600000, 0x0000000100000000)
  eden space 79872K, 100% used [0x00000000e0000000,0x00000000e4e00000,0x00000000e4e00000)
  from space 6656K, 99% used [0x00000000e4e00000,0x00000000e5478c88,0x00000000e5480000)
  to   space 11776K, 0% used [0x00000000e9a80000,0x00000000e9a80000,0x00000000ea600000)
 ParOldGen       total 58368K, used 9869K [0x00000000a0000000, 0x00000000a3900000, 0x00000000e0000000)
  object space 58368K, 16% used [0x00000000a0000000,0x00000000a09a34c0,0x00000000a3900000)
 Metaspace       used 32304K, capacity 32978K, committed 33408K, reserved 1077248K
  class space    used 4466K, capacity 4674K, committed 4736K, reserved 1048576K
Event: 5.193 GC heap after
Heap after GC invocations=7 (full 1):
 PSYoungGen      total 155136K, used 9709K [0x00000000e0000000, 0x00000000ea500000, 0x0000000100000000)
  eden space 144384K, 0% used [0x00000000e0000000,0x00000000e0000000,0x00000000e8d00000)
  from space 10752K, 90% used [0x00000000e9a80000,0x00000000ea3fb4f0,0x00000000ea500000)
  to   space 12288K, 0% used [0x00000000e8d00000,0x00000000e8d00000,0x00000000e9900000)
 ParOldGen       total 58368K, used 9877K [0x00000000a0000000, 0x00000000a3900000, 0x00000000e0000000)
  object space 58368K, 16% used [0x00000000a0000000,0x00000000a09a54c0,0x00000000a3900000)
 Metaspace       used 32304K, capacity 32978K, committed 33408K, reserved 1077248K
  class space    used 4466K, capacity 4674K, committed 4736K, reserved 1048576K
}
Event: 5.630 GC heap before
{Heap before GC invocations=8 (full 1):
 PSYoungGen      total 155136K, used 45697K [0x00000000e0000000, 0x00000000ea500000, 0x0000000100000000)
  eden space 144384K, 24% used [0x00000000e0000000,0x00000000e2325110,0x00000000e8d00000)
  from space 10752K, 90% used [0x00000000e9a80000,0x00000000ea3fb4f0,0x00000000ea500000)
  to   space 12288K, 0% used [0x00000000e8d00000,0x00000000e8d00000,0x00000000e9900000)
 ParOldGen       total 58368K, used 9877K [0x00000000a0000000, 0x00000000a3900000, 0x00000000e0000000)
  object space 58368K, 16% used [0x00000000a0000000,0x00000000a09a54c0,0x00000000a3900000)
 Metaspace       used 34497K, capacity 35190K, committed 35456K, reserved 1079296K
  class space    used 4743K, capacity 4936K, committed 4992K, reserved 1048576K
Event: 5.640 GC heap after
Heap after GC invocations=8 (full 1):
 PSYoungGen      total 156672K, used 9248K [0x00000000e0000000, 0x00000000f1100000, 0x0000000100000000)
  eden space 144384K, 0% used [0x00000000e0000000,0x00000000e0000000,0x00000000e8d00000)
  from space 12288K, 75% used [0x00000000e8d00000,0x00000000e9608378,0x00000000e9900000)
  to   space 12288K, 0% used [0x00000000f0500000,0x00000000f0500000,0x00000000f1100000)
 ParOldGen       total 58368K, used 9885K [0x00000000a0000000, 0x00000000a3900000, 0x00000000e0000000)
  object space 58368K, 16% used [0x00000000a0000000,0x00000000a09a74c0,0x00000000a3900000)
 Metaspace       used 34497K, capacity 35190K, committed 35456K, reserved 1079296K
  class space    used 4743K, capacity 4936K, committed 4992K, reserved 1048576K
}
Event: 5.640 GC heap before
{Heap before GC invocations=9 (full 2):
 PSYoungGen      total 156672K, used 9248K [0x00000000e0000000, 0x00000000f1100000, 0x0000000100000000)
  eden space 144384K, 0% used [0x00000000e0000000,0x00000000e0000000,0x00000000e8d00000)
  from space 12288K, 75% used [0x00000000e8d00000,0x00000000e9608378,0x00000000e9900000)
  to   space 12288K, 0% used [0x00000000f0500000,0x00000000f0500000,0x00000000f1100000)
 ParOldGen       total 58368K, used 9885K [0x00000000a0000000, 0x00000000a3900000, 0x00000000e0000000)
  object space 58368K, 16% used [0x00000000a0000000,0x00000000a09a74c0,0x00000000a3900000)
 Metaspace       used 34497K, capacity 35190K, committed 35456K, reserved 1079296K
  class space    used 4743K, capacity 4936K, committed 4992K, reserved 1048576K
Event: 5.695 GC heap after
Heap after GC invocations=9 (full 2):
 PSYoungGen      total 156672K, used 0K [0x00000000e0000000, 0x00000000f1100000, 0x0000000100000000)
  eden space 144384K, 0% used [0x00000000e0000000,0x00000000e0000000,0x00000000e8d00000)
  from space 12288K, 0% used [0x00000000e8d00000,0x00000000e8d00000,0x00000000e9900000)
  to   space 12288K, 0% used [0x00000000f0500000,0x00000000f0500000,0x00000000f1100000)
 ParOldGen       total 76800K, used 16874K [0x00000000a0000000, 0x00000000a4b00000, 0x00000000e0000000)
  object space 76800K, 21% used [0x00000000a0000000,0x00000000a107ab08,0x00000000a4b00000)
 Metaspace       used 34497K, capacity 35190K, committed 35456K, reserved 1079296K
  class space    used 4743K, capacity 4936K, committed 4992K, reserved 1048576K
}
Event: 7.920 GC heap before
{Heap before GC invocations=10 (full 2):
 PSYoungGen      total 156672K, used 144384K [0x00000000e0000000, 0x00000000f1100000, 0x0000000100000000)
  eden space 144384K, 100% used [0x00000000e0000000,0x00000000e8d00000,0x00000000e8d00000)
  from space 12288K, 0% used [0x00000000e8d00000,0x00000000e8d00000,0x00000000e9900000)
  to   space 12288K, 0% used [0x00000000f0500000,0x00000000f0500000,0x00000000f1100000)
 ParOldGen       total 76800K, used 16874K [0x00000000a0000000, 0x00000000a4b00000, 0x00000000e0000000)
  object space 76800K, 21% used [0x00000000a0000000,0x00000000a107ab08,0x00000000a4b00000)
 Metaspace       used 45080K, capacity 46282K, committed 46592K, reserved 1089536K
  class space    used 6291K, capacity 6581K, committed 6656K, reserved 1048576K
Event: 7.938 GC heap after
Heap after GC invocations=10 (full 2):
 PSYoungGen      total 264192K, used 12256K [0x00000000e0000000, 0x00000000f1300000, 0x0000000100000000)
  eden space 251904K, 0% used [0x00000000e0000000,0x00000000e0000000,0x00000000ef600000)
  from space 12288K, 99% used [0x00000000f0500000,0x00000000f10f80c0,0x00000000f1100000)
  to   space 14848K, 0% used [0x00000000ef600000,0x00000000ef600000,0x00000000f0480000)
 ParOldGen       total 76800K, used 19920K [0x00000000a0000000, 0x00000000a4b00000, 0x00000000e0000000)
  object space 76800K, 25% used [0x00000000a0000000,0x00000000a1374008,0x00000000a4b00000)
 Metaspace       used 45080K, capacity 46282K, committed 46592K, reserved 1089536K
  class space    used 6291K, capacity 6581K, committed 6656K, reserved 1048576K
}

